Case #1:
GGG
CCC
JJJ
Case #2:
CODE
CODE
CJAM
Case #3:
CA
KE
Case #4:
AAAA
AAAA
BBBB
BBBB
Case #5:
AAAAAAAAAAAAAAAAAAAAAAAAA
BBBBBBBBBBBBBBBBBBBBBBBBB
CCCCCCCCCCCCCCCCCCCCCCCCC
DDDDDDDDDDDDDDDDDDDDDDDDD
EEEEEEEEEEEEEEEEEEEEEEEEE
FFFFFFFFFFFFFFFFFFFFFFFFF
GGGGGGGGGGGGGGGGGGGGGGGGG
HHHHHHHHHHHHHHHHHHHHHHHHH
IIIIIIIIIIIIIIIIIIIIIIIII
JJJJJJJJJJJJJJJJJJJJJJJJJ
KKKKKKKKKKKKKKKKKKKKKKKKK
LLLLLLLLLLLLLLLLLLLLLLLLL
MMMMMMMMMMMMMMMMMMMMMMMMM
NNNNNNNNNNNNNNNNNNNNNNNNN
OOOOOOOOOOOOOOOOOOOOOOOOO
PPPPPPPPPPPPPPPPPPPPPPPPP
QQQQQQQQQQQQQQQQQQQQQQQQQ
RRRRRRRRRRRRRRRRRRRRRRRRR
SSSSSSSSSSSSSSSSSSSSSSSSS
TTTTTTTTTTTTTTTTTTTTTTTTT
UUUUUUUUUUUUUUUUUUUUUUUUU
VVVVVVVVVVVVVVVVVVVVVVVVV
WWWWWWWWWWWWWWWWWWWWWWWWW
XXXXXXXXXXXXXXXXXXXXXXXXX
YYYYYYYYYYYYYYYYYYYYYYYYY
Case #6:
JJJJJJJJJJJJJJJJJJJJJJJJJ
JJJJJJJJJJJJJJJJJJJJJJJJJ
JJJJJJJJJJJJJJJJJJJJJJJJJ
JJJJJJJJJJJJJJJJJJJJJJJJJ
SSSSSSSSSSSSSSSSSSSSSSSSS
BBBBBBBBBBBBBBBBFFFFFFFFF
BBBBBBBBBBBBBBBBWWWWWWWWW
BBBBBBBBBBBBBBBBWWWWWWWWW
ZZZZZZZZZZZZZZZZZTOOOOOOO
EEEEEEEEEEEEEEEEPTOOOOOOO
YYYYYYYYYYYYAAAANTHHHHHHH
IIIIIIIIIILLLDRRNTHHHHHHH
IIIIIIIIIICCCDRRGTHHHHHHH
IIIIIIIIIIUUKDRRGTHHHHHHH
IIIIIIIIIIMMKDRRGTHHHHHHH
IIIIIIIIIIXXVDRRGTHHHHHHH
IIIIIIIIIIQQVDRRGTHHHHHHH
IIIIIIIIIIQQVDRRGTHHHHHHH
IIIIIIIIIIQQVDRRGTHHHHHHH
IIIIIIIIIIQQVDRRGTHHHHHHH
IIIIIIIIIIQQVDRRGTHHHHHHH
IIIIIIIIIIQQVDRRGTHHHHHHH
IIIIIIIIIIQQVDRRGTHHHHHHH
IIIIIIIIIIQQVDRRGTHHHHHHH
IIIIIIIIIIQQVDRRGTHHHHHHH
Case #7:
BBBBBBBBBBBBBBBBBBBBBBBBB
BBBBBBBBBBBBBBBBBBBBBBBBB
BBBBBBBBBBBBBBBBBBBBBBBBB
BBBBBBBBBBBBBBBBBBBBBBBBB
BBBBBBBBBBBBBBBBBBBBBBBBB
BBBBBBBBBBBBBBBBBBBBBBBBB
BBBBBBBBBBBBBBBBBBBBBBBBB
BBBBBBBBBBBBBBBBBBBBBBBBB
BBBBBBBBBBBBBBBBBBBBBBBBB
BBBBBBBBBBBBBBBBBBBBBBBBB
BBBBBBBBBBBBBBBBBBBBBBBBB
BBBBBBBBBBBBBBBBBBBBBBBBB
BBBBBBBBBBBBBBBBBBBBBBBBB
BBBBBBBBBBBBBBBBBBBBBBBBB
BBBBBBBBBBBBBBBBBBBBBBBBB
BBBBBBBBBBBBBBBBBBBBBBBBB
BBBBBBBBBBBBBBBBBBBBBBBBB
BBBBBBBBBBBBBBBBBBBBBBBBB
BBBBBBBBBBBBBBBBBBBBBBBBB
BBBBBBBBBBBBBBBBBBBBBBBBB
LLLLLLLLLLLLLLLVZZZZWWWWW
HHHHHHHHHHHHHHJVYYYCAAAAA
TTTTTTTTTTTTTTMPQNNCFFFFF
IIIIIIIIIIIIIIMPRXDSKKKKK
IIIIIIIIIIIIIIMGROEUKKKKK
Case #8:
FFFFFFFFFFFFFFFFFFFFFFXXX
FFFFFFFFFFFFFFFFFFFFFFXXX
AAAAAAAAAAAAAAAAAAAABBXXX
JJJJJJJJJJJJJJJJJJJDDMSUU
TTTTTTTTTTTTTTTTTTTHWQPPE
TTTTTTTTTTTTTTTTTTTGWYYNO
TTTTTTTTTTTTTTTTTTTGKKLNZ
TTTTTTTTTTTTTTTTTTTGIILVZ
TTTTTTTTTTTTTTTTTTTGIILRZ
TTTTTTTTTTTTTTTTTTTGIILCZ
TTTTTTTTTTTTTTTTTTTGIILCZ
TTTTTTTTTTTTTTTTTTTGIILCZ
TTTTTTTTTTTTTTTTTTTGIILCZ
TTTTTTTTTTTTTTTTTTTGIILCZ
TTTTTTTTTTTTTTTTTTTGIILCZ
TTTTTTTTTTTTTTTTTTTGIILCZ
TTTTTTTTTTTTTTTTTTTGIILCZ
TTTTTTTTTTTTTTTTTTTGIILCZ
TTTTTTTTTTTTTTTTTTTGIILCZ
TTTTTTTTTTTTTTTTTTTGIILCZ
TTTTTTTTTTTTTTTTTTTGIILCZ
TTTTTTTTTTTTTTTTTTTGIILCZ
TTTTTTTTTTTTTTTTTTTGIILCZ
TTTTTTTTTTTTTTTTTTTGIILCZ
TTTTTTTTTTTTTTTTTTTGIILCZ
Case #9:
AC
BD
Case #10:
EEE
EEE
BBB
CDA
Case #11:
A
B
Case #12:
AAAAAAAAAAAAAAACCCCCCCCCC
AAAAAAAAAAAAAAACCCCCCCCCC
AAAAAAAAAAAAAAACCCCCCCCCC
AAAAAAAAAAAAAAACCCCCCCCCC
AAAAAAAAAAAAAAACCCCCCCCCC
AAAAAAAAAAAAAAACCCCCCCCCC
AAAAAAAAAAAAAAACCCCCCCCCC
AAAAAAAAAAAAAAACCCCCCCCCC
AAAAAAAAAAAAAAACCCCCCCCCC
AAAAAAAAAAAAAAAEEEEEEEEEE
AAAAAAAAAAAAAAAEEEEEEEEEE
AAAAAAAAAAAAAAAEEEEEEEEEE
AAAAAAAAAAAAAAAEEEEEEEEEE
BBBBBBBBBBBBBBBBDDDDDDDDD
BBBBBBBBBBBBBBBBDDDDDDDDD
BBBBBBBBBBBBBBBBDDDDDDDDD
BBBBBBBBBBBBBBBBDDDDDDDDD
BBBBBBBBBBBBBBBBDDDDDDDDD
BBBBBBBBBBBBBBBBDDDDDDDDD
BBBBBBBBBBBBBBBBDDDDDDDDD
BBBBBBBBBBBBBBBBDDDDDDDDD
BBBBBBBBBBBBBBBBDDDDDDDDD
BBBBBBBBBBBBBBBBDDDDDDDDD
BBBBBBBBBBBBBBBBDDDDDDDDD
BBBBBBBBBBBBBBBBDDDDDDDDD
Case #13:
YYYYYYYYYYYYYYYYYYYYYYYYY
YYYYYYYYYYYYYYYYYYYYYYYYY
YYYYYYYYYYYYYYYYYYYYYYYYY
YYYYYYYYYYYYYYYYYYYYYYYYY
YYYYYYYYYYYYYYYYYYYYYYYYY
YYYYYYYYYYYYYYYYYYYYYYYYY
YYYYYYYYYYYYYYYYYYYYYYYYY
YYYYYYYYYYYYYYYYYYYYYYYYY
YYYYYYYYYYYYYYYYYYYYYYYYY
YYYYYYYYYYYYYYYYYYYYYYYYY
YYYYYYYYYYYYYYYYYYYYYYYYY
TTTTTTTTTTTTTTTTTTTTTTTTT
AAAAAAAAAAAAAAAAAAAAAAAAA
OOOOOOOOOOOOOOOOOOOOOOOOH
DDDDDDDDDDDDDDDDDDDDGIIIH
DDDDDDDDDDDDDDDDDDDDGFFFH
DDDDDDDDDDDDDDDDDDDDGMMMR
JJJJJJJJJJJJJJJJJJJJBBBNZ
WWWWWWWWWWWWWWWWWWWWWWXNZ
CCCCCCCCCCCCCCCCCCCCCCXNZ
VVVVVVVVVVVVVVVVVVVVVVXEZ
LLLLLLLLLLLLLLLLLLLLPKXEQ
LLLLLLLLLLLLLLLLLLLLPKXEQ
LLLLLLLLLLLLLLLLLLLLUKSEQ
LLLLLLLLLLLLLLLLLLLLUKSEQ
Case #14:
AAAAAAAAAAAAAAAAAAAABBBBB
AAAAAAAAAAAAAAAAAAAABBBBB
AAAAAAAAAAAAAAAAAAAABBBBB
AAAAAAAAAAAAAAAAAAAABBBBB
AAAAAAAAAAAAAAAAAAAABBBBB
AAAAAAAAAAAAAAAAAAAABBBBB
CCCCCCCCCCCCCCCCCCCCBBBBB
CCCCCCCCCCCCCCCCCCCCDDDDD
EEEEEEEEEEEEEEEEEEEEDDDDD
EEEEEEEEEEEEEEEEEEEEDDDDD
EEEEEEEEEEEEEEEEEEEEDDDDD
EEEEEEEEEEEEEEEEEEEEDDDDD
EEEEEEEEEEEEEEEEEEEEDDDDD
EEEEEEEEEEEEEEEEEEEEDDDDD
EEEEEEEEEEEEEEEEEEEEDDDDD
EEEEEEEEEEEEEEEEEEEEDDDDD
EEEEEEEEEEEEEEEEEEEEDDDDD
EEEEEEEEEEEEEEEEEEEEDDDDD
EEEEEEEEEEEEEEEEEEEEDDDDD
EEEEEEEEEEEEEEEEEEEEDDDDD
EEEEEEEEEEEEEEEEEEEEDDDDD
EEEEEEEEEEEEEEEEEEEEDDDDD
EEEEEEEEEEEEEEEEEEEEDDDDD
EEEEEEEEEEEEEEEEEEEEDDDDD
EEEEEEEEEEEEEEEEEEEEDDDDD
Case #15:
BB
AA
Case #16:
HHHHHHHHRRRRRRRSSSSSSSSSS
HHHHHHHHRRRRRRRSSSSSSSSSS
HHHHHHHHBBBBBBBSSSSSSSSSS
AAAAAAAABBBBBBBSSSSSSSSSS
AAAAAAAABBBBBBBSSSSSSSSSS
JJJJJJJJBBBBBBBSSSSSSSSSS
PPFFFFFFBBBBBBBSSSSSSSSSS
PPFFFFFFWWWWWWWSSSSSSSSSS
PPFFFFFFWWWWWWWSSSSSSSSSS
IIIIIUUUWWWWWWWNNNNNNNNNO
IIIIIUUUWWWWWWWNNNNNNNNNO
YYYYYUUUWWWWWWWZZZZZZZZZO
YYYYYUUUWWWWWWWZZZZZZZZZO
YYYYYUUUWWWWWWWZZZZZZZZZO
YYYYYUUUXXXEEEEZZZZZZZZZO
YYYYYUUUXXXEEEEZZZZZZZZZO
YYYYYGGGXXXEEEEZZZZZZZZZO
YYYYYGGGXXXEEEEZZZZZZZZZO
YYYYYGGGXXXEEEEZZZZZZZZZO
DDMMMGGGXXXEEEEZZZZZZZZZV
DDMMMGGGXXXQQQQQQQQQQQLLV
DDMMMGGGXXXTTTTTTTTTTTCCV
DDMMMGGGXXXTTTTTTTTTTTCCV
DDMMMGGGXXXTTTTTTTTTTTCCV
DDMMMGGGXXXKKKKKKKKKKKCCV
Case #17:
BBBBBBBBBBBBBBBBBBBBBBBBB
BBBBBBBBBBBBBBBBBBBBBBBBB
BBBBBBBBBBBBBBBBBBBBBBBBB
BBBBBBBBBBBBBBBBBBBBBBBBB
BBBBBBBBBBBBBBBBBBBBBBBBB
CCCCCCCCCCCCCCCCCCCCCCCCC
CCCCCCCCCCCCCCCCCCCCCCCCC
CCCCCCCCCCCCCCCCCCCCCCCCC
UUUUUUUUUUUFFFMMNNXXXXXXX
UUUUUUUUUUUFFFMMNNXXXXXXX
UUUUUUUUUUUFFFMMNNXXXXXXX
KKKKKKKKKKRFFFMMNNXXXXXXX
KKKKKKKKKKREEEMMNNSSSSSSS
KKKKKKKKKKREEEJJNNSSSSSSS
KKKKKKKKKKREEEJJNNSSSSSSS
KKKKKKKKKKREEEJJNNSSSSSSS
KKKKKKKKKKREEEJJNNPPPPPPP
HHHHHHHHHHRYYYJJNNPPPPPPP
HHHHHHHHHHRYYYJJNNQQQQQQQ
ZZZZZZZZZZRYYYJJNNQQQQQQQ
ZZZZZZZZZZRYYYJJNNWWWWWWW
ZZZZZZZZZZRGGGJJNNWWWWWWW
ZZZZZZZZZZRGGGVVNNLLLLLLL
ZZZZZZZZZZTGGGVVNNLLLLLLL
DDDDDDDDDDTOOOAANNIIIIIII
Case #18:
KIIFLEEEEEEEEEEHDCCJJBAMG
Case #19:
BBBBBBBBBBBBBBBBBBBBBKKKK
OOOOOOOOOOOOOOOOOOOOOKKKK
OOOOOOOOOOOOOOOOOOOOOKKKK
NNNNNNNNNNNNNNNNNNNNNNSSS
NNNNNNNNNNNNNNNNNNNNNNZZZ
XXXXXXXXXXXXXXXXXXXXXXZZZ
XXXXXXXXXXXXXXXXXXXXXXZZZ
EEEEEEEEEEEEEEEEEEEEEEZZZ
EEEEEEEEEEEEEEEEEEEEEEZZZ
YYYYYYYYYYYYYYYYYYYYYYZZZ
GGGGGGGGGGGGGGGGGGGGGGZZZ
VVVVVVVVVVVVVVVVVVVVVVZZZ
DDDDDDDDDDDDDDDDDDDDDDDMM
HHHHHHHHHHHHHHHHHHHHHHHHR
AAAAAAAAAAAAAAAAAAAAAAAAR
LLLLLLLLLLLLLWWWWWWWWWFFR
CCCCCCCCCCCCCWWWWWWWWWFFR
CCCCCCCCCCCCCWWWWWWWWWFFR
CCCCCCCCCCCCCWWWWWWWWWFFR
IIIIIIIIIIIIIWWWWWWWWWFFR
QQQQQQQQQQQJJJPPPPPPPPFFR
QQQQQQQQQQQUUUPPPPPPPPFFR
QQQQQQQQQQQUUUPPPPPPPPFFR
TTTTTTTTTTTUUUPPPPPPPPFFR
TTTTTTTTTTTUUUPPPPPPPPFFR
Case #20:
BBD
CCE
AAE
Case #21:
TTTTTTTTTTTTTTXXXXXXXXXXX
TTTTTTTTTTTTTTAAAAAAAAAAA
TTTTTTTTTTTTTTAAAAAAAAAAA
QQQQQQQQQQQQQQQQQQQWWWWWW
QQQQQQQQQQQQQQQQQQQWWWWWW
QQQQQQQQQQQQQQQQQQQWWWWWW
NNNNNNNNNNNNNNNNNNNWWWWWW
KKKKKKKKKKKKKKKKKKKWWWWWW
KKKKKKKKKKKKKKKKKKKDDDDDD
KKKKKKKKKKKKKKKKKKKZZZZZZ
KKKKKKKKKKKKKKKKKKKZZZZZZ
KKKKKKKKKKKKKKKKKKKZZZZZZ
BBBJJJJJJJJJJJJJJIIIIIYYY
BBBJJJJJJJJJJJJJJIIIIIYYY
BBBGGGGGGGGGGGGGGIIIIIYYY
BBBGGGGGGGGGGGGGGIIIIIYYY
BBBUUUUUUUUUUUUUUIIIIIYYY
BBBUUUUUUUUUUUUUUIIIIIYYY
BBBEEEEEEEEEEEEEEIIIIIYYY
BBBEEEEEEEEEEEEEEIIIIIYYY
BBBFFFFFFFFFFFFFFIIIIIYYY
BBBMMMCCCCCCCCCCCCPPPPYYY
LLLMMMOOOOOOORRRRRPPPPYYY
LLLMMMHHHHHSSRRRRRPPPPYYY
LLLMMMHHHHHSSRRRRRPPPPVVV
Case #22:
YYYYYYYYYYYYYYYYYYYYYYYYY
GGGGGGGGGGXXXXXXRRVVVVVVV
GGGGGGGGGGXXXXXXRRVVVVVVV
GGGGGGGGGGTTTTTTRRVVVVVVV
GGGGGGGGGGTTTTTTRRVVVVVVV
GGGGGGGGGGTTTTTTRRHHHHHHH
GGGGGGGGGGTTTTTTRRHHHHHHH
GGGGGGGGGGTTTTTTRRHHHHHHH
GGGGGGGGGGTTTTTTRRHHHHHHH
GGGGGGGGGGTTTTTTRRHHHHHHH
GGGGGGGGGGTTTTTTRRHHHHHHH
GGGGGGGGGGTTTTTTRRJJJJJJJ
AAAAAAAAZZTTTTTTRRJJJJJJJ
AAAAAAAAZZTTTTTTRRJJJJJJJ
DDDDDDDDZZTTTTTTUUJJJJJJJ
SSSSSSSSZZTTTTTTUUJJJJJJJ
SSSSSSSSZZTTTTTTUUJJJJJJJ
SSSSSSSSZZTTTTTTQQQQQQQQB
SSSSSSSSZZTTTTTTQQQQQQQQB
SSSSSSSSZZTTTTTTKKOOOOOOB
LLLLLLLLLMMMMMNCKKOOOOOOB
LLLLLLLLLMMMMMNCKKOOOOOOB
LLLLLLLLLMMMMMNCWWWWWFFFB
PPPPPPPPPPEEEENCIIIIIFFFB
PPPPPPPPPPEEEENCIIIIIFFFB
Case #23:
AAAAAAAAAABBBBBBBBBBBBBBB
AAAAAAAAAABBBBBBBBBBBBBBB
CCCCCCCCCCBBBBBBBBBBBBBBB
CCCCCCCCCCDDDDDDDDDDDDDDD
EEEEEEEEEEDDDDDDDDDDDDDDD
EEEEEEEEEEDDDDDDDDDDDDDDD
EEEEEEEEEEDDDDDDDDDDDDDDD
EEEEEEEEEEDDDDDDDDDDDDDDD
EEEEEEEEEEDDDDDDDDDDDDDDD
EEEEEEEEEEDDDDDDDDDDDDDDD
EEEEEEEEEEDDDDDDDDDDDDDDD
EEEEEEEEEEDDDDDDDDDDDDDDD
EEEEEEEEEEDDDDDDDDDDDDDDD
EEEEEEEEEEFFFFFFFFHHHHHHH
EEEEEEEEEEFFFFFFFFJJJJJJJ
EEEEEEEEEEFFFFFFFFJJJJJJJ
EEEEEEEEEEFFFFFFFFJJJJJJJ
EEEEEEEEEEFFFFFFFFJJJJJJJ
EEEEEEEEEEGGGGGGGGGIIIIII
EEEEEEEEEEGGGGGGGGGIIIIII
EEEEEEEEEEGGGGGGGGGIIIIII
EEEEEEEEEEGGGGGGGGGIIIIII
EEEEEEEEEEGGGGGGGGGIIIIII
EEEEEEEEEEGGGGGGGGGIIIIII
EEEEEEEEEEGGGGGGGGGIIIIII
Case #24:
AA
Case #25:
KK
SS
SS
SS
AA
AA
CC
QH
QX
QX
DX
UT
UJ
UO
UO
WO
IB
VG
MN
ZR
ZE
LE
LE
PE
FY
Case #26:
VVVFIIIIIAAAAAAAAAAAAAAAA
KKKFIIIIIAAAAAAAAAAAAAAAA
KKKFYYYWWWBBBBBBBBBBBBBBB
KKKFNNNNMMBBBBBBBBBBBBBBB
KKKFPPPPRZBBBBBBBBBBBBBBB
DDDFPPPPRZBBBBBBBBBBBBBBB
HHHFPPPPRZBBBBBBBBBBBBBBB
QQQFOOOORGBBBBBBBBBBBBBBB
JJXFEEEERGBBBBBBBBBBBBBBB
JJLFUUUURGBBBBBBBBBBBBBBB
CCLFUUUURGBBBBBBBBBBBBBBB
CCLFTTTTRGBBBBBBBBBBBBBBB
CCLFTTTTRGBBBBBBBBBBBBBBB
CCLFTTTTRGBBBBBBBBBBBBBBB
SSLFTTTTRGBBBBBBBBBBBBBBB
SSLFTTTTRGBBBBBBBBBBBBBBB
SSLFTTTTRGBBBBBBBBBBBBBBB
SSLFTTTTRGBBBBBBBBBBBBBBB
SSLFTTTTRGBBBBBBBBBBBBBBB
SSLFTTTTRGBBBBBBBBBBBBBBB
SSLFTTTTRGBBBBBBBBBBBBBBB
SSLFTTTTRGBBBBBBBBBBBBBBB
SSLFTTTTRGBBBBBBBBBBBBBBB
SSLFTTTTRGBBBBBBBBBBBBBBB
SSLFTTTTRGBBBBBBBBBBBBBBB
Case #27:
AAAAAAAAAACCCCCCCCCCCCCCC
AAAAAAAAAACCCCCCCCCCCCCCC
AAAAAAAAAACCCCCCCCCCCCCCC
AAAAAAAAAACCCCCCCCCCCCCCC
AAAAAAAAAACCCCCCCCCCCCCCC
AAAAAAAAAACCCCCCCCCCCCCCC
AAAAAAAAAACCCCCCCCCCCCCCC
AAAAAAAAAACCCCCCCCCCCCCCC
AAAAAAAAAACCCCCCCCCCCCCCC
AAAAAAAAAACCCCCCCCCCCCCCC
AAAAAAAAAACCCCCCCCCCCCCCC
AAAAAAAAAAEEEEEEEEEEEEEEE
AAAAAAAAAAEEEEEEEEEEEEEEE
AAAAAAAAAAEEEEEEEEEEEEEEE
AAAAAAAAAAEEEEEEEEEEEEEEE
BBBBBBBBBBBDDDDDDDDDDDDDD
BBBBBBBBBBBDDDDDDDDDDDDDD
BBBBBBBBBBBDDDDDDDDDDDDDD
BBBBBBBBBBBDDDDDDDDDDDDDD
BBBBBBBBBBBDDDDDDDDDDDDDD
BBBBBBBBBBBDDDDDDDDDDDDDD
BBBBBBBBBBBDDDDDDDDDDDDDD
BBBBBBBBBBBDDDDDDDDDDDDDD
BBBBBBBBBBBDDDDDDDDDDDDDD
BBBBBBBBBBBDDDDDDDDDDDDDD
Case #28:
WWWWWWWWWWWWWWWWWWWWWWWWW
QQQQQQQQQQQQQQQQQQQQQQQQQ
TTTTTTTTTTTTTTTTTTTTTTTTT
PPPPPPPPPPPPPPPPPPPPPPPPP
EEEEEEEEEEEEEEEEEEEEEEEEE
EEEEEEEEEEEEEEEEEEEEEEEEE
GGGGGMMMMMMMMMMMMMMMMMMMM
GGGGGXXXXXXXXXJCCCCCCCCCC
GGGGGZZZZZZZZZJBBBBBBBBBB
GGGGGLLLLLLLLLJBBBBBBBBBB
GGGGGRRRRRRRRRJBBBBBBBBBB
YYYYYRRRRRRRRRJSSSSSSSSSS
YYYYYRRRRRRRRRJSSSSSSSSSS
YYYYYRRRRRRRRRJSSSSSSSSSS
NNNNNRRRRRRRRRJUUUUUUUUUU
NNNNNRRRRRRRRRJUUUUUUUUUU
NNNNNOOOOOOOOOJUUUUUUUUUU
VVVVVOOOOOOOOOJHHHHHHHHHH
FFFFFOOOOOOOOOJHHHHHHHHHH
FFFFFOOOOOOOOOJHHHHHHHHHH
FFFFFKKKKKKKKKJIIIIIIIIII
FFFFFKKKKKKKKKJDDDDDDDDDD
FFFFFKKKKKKKKKJDDDDDDDDDD
FFFFFKKKKKKKKKJAAAAAAAAAA
FFFFFKKKKKKKKKJAAAAAAAAAA
Case #29:
AAAAAAAAAAAAAAAAAAAAAAAAA
BBBBBBBBBBBBBBBBBBBBBBBBB
CCCCCCCCCCCCCCCCCCCCCCCCC
DDDDDDDDDDDDDDDDDDDDDDDDD
EEEEEEEEEEEEEEEEEEEEEEEEE
FFFFFFFFFFFFFFFFFFFFFFFFF
GGGGGGGGGGGGGGGGGGGGGGGGG
HHHHHHHHHHHHHHHHHHHHHHHHH
IIIIIIIIIIIIIIIIIIIIIIIII
JJJJJJJJJJJJJJJJJJJJJJJJJ
KKKKKKKKKKKKKKKKKKKKKKKKK
LLLLLLLLLLLLLLLLLLLLLLLLL
MMMMMMMMMMMMMMMMMMMMMMMMM
NNNNNNNNNNNNNNNNNNNNNNNNN
OOOOOOOOOOOOOOOOOOOOOOOOO
PPPPPPPPPPPPPPPPPPPPPPPPP
QQQQQQQQQQQQQQQQQQQQQQQQQ
RRRRRRRRRRRRRRRRRRRRRRRRR
SSSSSSSSSSSSSSSSSSSSSSSSS
TTTTTTTTTTTTTTTTTTTTTTTTT
UUUUUUUUUUUUUUUUUUUUUUUUU
VVVVVVVVVVVVVVVVVVVVVVVVV
WWWWWWWWWWWWWWWWWWWWWWWWW
XXXXXXXXXXXXXXXXXXXXXXXXX
YYYYYYYYYYYYYYYYYYYYYYYYY
Case #30:
AABBCCDDEEFFGGHHIIJJKKLLM
NNNOOPPQQRRSSTTUUVVWWXXYM
ZZZOOPPQQRRSSTTUUVVWWXXYM
ZZZOOPPQQRRSSTTUUVVWWXXYM
ZZZOOPPQQRRSSTTUUVVWWXXYM
ZZZOOPPQQRRSSTTUUVVWWXXYM
ZZZOOPPQQRRSSTTUUVVWWXXYM
ZZZOOPPQQRRSSTTUUVVWWXXYM
ZZZOOPPQQRRSSTTUUVVWWXXYM
ZZZOOPPQQRRSSTTUUVVWWXXYM
ZZZOOPPQQRRSSTTUUVVWWXXYM
ZZZOOPPQQRRSSTTUUVVWWXXYM
ZZZOOPPQQRRSSTTUUVVWWXXYM
ZZZOOPPQQRRSSTTUUVVWWXXYM
ZZZOOPPQQRRSSTTUUVVWWXXYM
ZZZOOPPQQRRSSTTUUVVWWXXYM
ZZZOOPPQQRRSSTTUUVVWWXXYM
ZZZOOPPQQRRSSTTUUVVWWXXYM
ZZZOOPPQQRRSSTTUUVVWWXXYM
ZZZOOPPQQRRSSTTUUVVWWXXYM
ZZZOOPPQQRRSSTTUUVVWWXXYM
ZZZOOPPQQRRSSTTUUVVWWXXYM
ZZZOOPPQQRRSSTTUUVVWWXXYM
ZZZOOPPQQRRSSTTUUVVWWXXYM
ZZZOOPPQQRRSSTTUUVVWWXXYM
Case #31:
YYYYYYYYYYYYYYYYYYYYYYYYY
YYYYYYYYYYYYYYYYYYYYYYYYY
VVVVVVVVVVVVVVVVVVVVVVVVV
TSSSSSSSSSSSSSSSSSSSSSSSS
MKKKKKKKKKKKKKKKKKKKKKKKK
MLLLLLLNNNNNNNNNNNNNNNNNN
UHHHHFFNNNNNNNNNNNNNNNNNN
UHHHHJJJJOOOOOOOOOOOOOOOO
XHHHHJJJJWWWRRRRRRRRRRRRR
XHHHHJJJJWWWRRRRRRRRRRRRR
XEEEBPPPZWWWRRRRRRRRRRRRR
XEEEBPPPZWWWRRRRRRRRRRRRR
XCCCBPPPZWWWRRRRRRRRRRRRR
XAAABPPPZWWWRRRRRRRRRRRRR
XIIIBDDDZWWWRRRRRRRRRRRRR
XIIIBDDDZWWWRRRRRRRRRRRRR
XQQQBDDDZWWWRRRRRRRRRRRRR
XGGGBDDDZWWWRRRRRRRRRRRRR
XGGGBDDDZWWWRRRRRRRRRRRRR
XGGGBDDDZWWWRRRRRRRRRRRRR
XGGGBDDDZWWWRRRRRRRRRRRRR
XGGGBDDDZWWWRRRRRRRRRRRRR
XGGGBDDDZWWWRRRRRRRRRRRRR
XGGGBDDDZWWWRRRRRRRRRRRRR
XGGGBDDDZWWWRRRRRRRRRRRRR
Case #32:
MMMMMMMMMMMMMMMMMMMTTTTTT
MMMMMMMMMMMMMMMMMMMTTTTTT
MMMMMMMMMMMMMMMMMMMTTTTTT
MMMMMMMMMMMMMMMMMMMTTTTTT
MMMMMMMMMMMMMMMMMMMWWWWWW
MMMMMMMMMMMMMMMMMMMWWWWWW
PPPPPPPPPPQQQQQFFFFWWWWWW
HHHHHHHHHHQQQQQFFFFWWWWWW
BBBBBBBBBBQQQQQFFFFWWWWWW
BBBBBBBBBBQQQQQLLLLWWWWWW
BBBBBBBBBBQQQQQLLLLWWWWWW
AAAAAAAAAAQQQQQLLLLWWWWWW
AAAAAAAAAAKKYYYLLLLWWWWWW
AAAAAAAAAAKKYYYLLLLWWWWWW
AAAAAAAAAACCYYYGGGGWWWWWW
NNNNNNNNNNCCYYYGGGGWWWWWW
DDDDDDDDDDCCEEEEEEXXXXIII
DDDDDDDDDDCCJJJJJJJUUUIII
DDDDDDDDDDCCJJJJJJJUUUIII
DDDDDDDDDDCCVVVVVVVVVZOOO
DDDDDDDDDDCCVVVVVVVVVZOOO
DDDDDDDDDDRRRRRRRRRSSZOOO
DDDDDDDDDDRRRRRRRRRSSZOOO
DDDDDDDDDDRRRRRRRRRSSZOOO
DDDDDDDDDDRRRRRRRRRSSZOOO
Case #33:
AAAAAAAAAAAAAAAAAAAAAAAAA
BBBBBBBBBBBBBBBBBBBBBBBBB
CCCCCCCCCCCCCCCCCCCCCCCCC
DDDDDDDDDDDDDDDDDDDDDDDDD
EEEEEEEEEEEEEEEEEEEEEEEEE
FFFFFFFFFFFFFFFFFFFFFFFFF
GGGGGGGGGGGGGGGGGGGGGGGGG
HHHHHHHHHHHHHHHHHHHHHHHHH
IIIIIIIIIIIIIIIIIIIIIIIII
JJJJJJJJJJJJJJJJJJJJJJJJJ
KKKKKKKKKKKKKKKKKKKKKKKKK
LLLLLLLLLLLLLLLLLLLLLLLLL
MMMMMMMMMMMMMMMMMMMMMMMMM
NNNNNNNNNNNNNNNNNNNNNNNNN
OOOOOOOOOOOOOOOOOOOOOOOOO
PPPPPPPPPPPPPPPPPPPPPPPPP
QQQQQQQQQQQQQQQQQQQQQQQQQ
RRRRRRRRRRRRRRRRRRRRRRRRR
SSSSSSSSSSSSSSSSSSSSSSSSS
TTTTTTTTTTTTTTTTTTTTTTTTT
UUUUUUUUUUUUUUUUUUUUUUUUU
VVVVVVVVVVVVVVVVVVVVVVVVV
WWWWWWWWWWWWWWWWWWWWWWWWW
XXXXXXXXXXXXXXXXXXXXXXXXX
YYYYYYYYYYYYYYYYYYYYYYYYY
Case #34:
AAAAAAAAAAAAAAAAAAAAAAAAB
AAAAAAAAAAAAAAAAAAAAAAAAB
AAAAAAAAAAAAAAAAAAAAAAAAB
AAAAAAAAAAAAAAAAAAAAAAAAB
AAAAAAAAAAAAAAAAAAAAAAAAB
CCCCCCCCCCCCCCCCCCCCCCCCB
CCCCCCCCCCCCCCCCCCCCCCCCD
EEEEEEEEEEEEEEEEEEEEEEEED
EEEEEEEEEEEEEEEEEEEEEEEED
EEEEEEEEEEEEEEEEEEEEEEEED
EEEEEEEEEEEEEEEEEEEEEEEED
EEEEEEEEEEEEEEEEEEEEEEEED
EEEEEEEEEEEEEEEEEEEEEEEED
EEEEEEEEEEEEEEEEEEEEEEEED
EEEEEEEEEEEEEEEEEEEEEEEED
EEEEEEEEEEEEEEEEEEEEEEEED
EEEEEEEEEEEEEEEEEEEEEEEED
EEEEEEEEEEEEEEEEEEEEEEEED
EEEEEEEEEEEEEEEEEEEEEEEED
EEEEEEEEEEEEEEEEEEEEEEEED
EEEEEEEEEEEEEEEEEEEEEEEED
EEEEEEEEEEEEEEEEEEEEEEEED
EEEEEEEEEEEEEEEEEEEEEEEED
EEEEEEEEEEEEEEEEEEEEEEEED
EEEEEEEEEEEEEEEEEEEEEEEED
Case #35:
AACCCCCCCCCCCCCCCCCCCCCCC
AACCCCCCCCCCCCCCCCCCCCCCC
AACCCCCCCCCCCCCCCCCCCCCCC
AACCCCCCCCCCCCCCCCCCCCCCC
AACCCCCCCCCCCCCCCCCCCCCCC
AACCCCCCCCCCCCCCCCCCCCCCC
AACCCCCCCCCCCCCCCCCCCCCCC
AACCCCCCCCCCCCCCCCCCCCCCC
AACCCCCCCCCCCCCCCCCCCCCCC
AACCCCCCCCCCCCCCCCCCCCCCC
AACCCCCCCCCCCCCCCCCCCCCCC
AACCCCCCCCCCCCCCCCCCCCCCC
AAEEEEEEEEEEEEEEEEEEEEEEE
AAEEEEEEEEEEEEEEEEEEEEEEE
AAEEEEEEEEEEEEEEEEEEEEEEE
AAEEEEEEEEEEEEEEEEEEEEEEE
BBBDDDDDDDDDDDDDDDDDDDDDD
BBBDDDDDDDDDDDDDDDDDDDDDD
BBBDDDDDDDDDDDDDDDDDDDDDD
BBBDDDDDDDDDDDDDDDDDDDDDD
BBBDDDDDDDDDDDDDDDDDDDDDD
BBBDDDDDDDDDDDDDDDDDDDDDD
BBBDDDDDDDDDDDDDDDDDDDDDD
BBBDDDDDDDDDDDDDDDDDDDDDD
BBBDDDDDDDDDDDDDDDDDDDDDD
Case #36:
KPLNIA
KPOBHR
KPOJCM
KPOJEF
KPOJDQ
KPOJDG
Case #37:
AAAAAAACCCCCCCCCCCCCCCCCC
AAAAAAACCCCCCCCCCCCCCCCCC
AAAAAAACCCCCCCCCCCCCCCCCC
AAAAAAACCCCCCCCCCCCCCCCCC
AAAAAAACCCCCCCCCCCCCCCCCC
AAAAAAACCCCCCCCCCCCCCCCCC
AAAAAAACCCCCCCCCCCCCCCCCC
AAAAAAACCCCCCCCCCCCCCCCCC
AAAAAAACCCCCCCCCCCCCCCCCC
AAAAAAACCCCCCCCCCCCCCCCCC
AAAAAAACCCCCCCCCCCCCCCCCC
AAAAAAACCCCCCCCCCCCCCCCCC
AAAAAAACCCCCCCCCCCCCCCCCC
AAAAAAAEEEEEEEEEEEEEEEEEE
AAAAAAAEEEEEEEEEEEEEEEEEE
AAAAAAAEEEEEEEEEEEEEEEEEE
AAAAAAAEEEEEEEEEEEEEEEEEE
BBBBBBBBDDDDDDDDDDDDDDDDD
BBBBBBBBDDDDDDDDDDDDDDDDD
BBBBBBBBDDDDDDDDDDDDDDDDD
BBBBBBBBDDDDDDDDDDDDDDDDD
BBBBBBBBDDDDDDDDDDDDDDDDD
BBBBBBBBDDDDDDDDDDDDDDDDD
BBBBBBBBDDDDDDDDDDDDDDDDD
BBBBBBBBDDDDDDDDDDDDDDDDD
Case #38:
SSSSSSSSSSSSSSSSSSSSSSSSS
SSSSSSSSSSSSSSSSSSSSSSSSS
SSSSSSSSSSSSSSSSSSSSSSSSS
SSSSSSSSSSSSSSSSSSSSSSSSS
SSSSSSSSSSSSSSSSSSSSSSSSS
SSSSSSSSSSSSSSSSSSSSSSSSS
SSSSSSSSSSSSSSSSSSSSSSSSS
SSSSSSSSSSSSSSSSSSSSSSSSS
SSSSSSSSSSSSSSSSSSSSSSSSS
SSSSSSSSSSSSSSSSSSSSSSSSS
SSSSSSSSSSSSSSSSSSSSSSSSS
SSSSSSSSSSSSSSSSSSSSSSSSS
SSSSSSSSSSSSSSSSSSSSSSSSS
SSSSSSSSSSSSSSSSSSSSSSSSS
CCCCCCCCCCCCCCCCCCCCCCCCC
JJHHHWWWWWWWWWWWWWWWWWWWW
JJHHHKKKKKKKKKKKKKKKKKKKK
JJRRRRRGAAAAAAAAAAAAAAAAA
JJXXXXXGOOOOOOOOOOOOOOOOO
JJEEEELGOOOOOOOOOOOOOOOOO
JJBBBBLGQQQQQQQQQQQQQQQQQ
YYBBBBLGVVVVVVVVVVVVVVVVV
YYZZZDLGTTTTTTTTTTTTTTTTT
YYPPPDLGIINNNNMMMMMMMMMMM
YYUUUDLGIIFFFFMMMMMMMMMMM
Case #39:
CCCCD
CCCCD
AABBD
Case #40:
AAAAAAABBBBBBBBBBBBBBBBBB
AAAAAAABBBBBBBBBBBBBBBBBB
AAAAAAABBBBBBBBBBBBBBBBBB
AAAAAAABBBBBBBBBBBBBBBBBB
AAAAAAABBBBBBBBBBBBBBBBBB
CCCCCCCBBBBBBBBBBBBBBBBBB
CCCCCCCDDDDDDDDDDDDDDDDDD
EEEEEEEDDDDDDDDDDDDDDDDDD
EEEEEEEDDDDDDDDDDDDDDDDDD
EEEEEEEDDDDDDDDDDDDDDDDDD
EEEEEEEDDDDDDDDDDDDDDDDDD
EEEEEEEDDDDDDDDDDDDDDDDDD
EEEEEEEDDDDDDDDDDDDDDDDDD
EEEEEEEFFFFFFFFFFFHHHHHHH
EEEEEEEFFFFFFFFFFFJJJJJJJ
EEEEEEEFFFFFFFFFFFJJJJJJJ
EEEEEEEFFFFFFFFFFFJJJJJJJ
EEEEEEEFFFFFFFFFFFJJJJJJJ
EEEEEEEGGGGGGGGGGGGIIIIII
EEEEEEEGGGGGGGGGGGGIIIIII
EEEEEEEGGGGGGGGGGGGIIIIII
EEEEEEEGGGGGGGGGGGGIIIIII
EEEEEEEGGGGGGGGGGGGIIIIII
EEEEEEEGGGGGGGGGGGGIIIIII
EEEEEEEGGGGGGGGGGGGIIIIII
Case #41:
XXXXXXXXXXXRRRRRRRRRRRRRR
XXXXXXXXXXXRRRRRRRRRRRRRR
XXXXXXXXXXXRRRRRRRRRRRRRR
EEEEEEEEEEEUUUUUUUUUUUUUU
JJJJJJJJJJCUUUUUUUUUUUUUU
JJJJJJJJJJPUUUUUUUUUUUUUU
JJJJJJJJJJPHHHHHHHHHHHHHH
JJJJJJJJJJPHHHHHHHHHHHHHH
ZZZZZZZZZZPHHHHHHHHHHHHHH
ZZZZZZZZZZPIIIIIIIIIIIIII
ZZZZZZZZZZPIIIIIIIIIIIIII
KKKKKKKKKKPIIIIIIIIIIIIII
WWWWWWWWWWPIIIIIIIIIIIIII
WWWWWWWWWWPTTTTTTTTTTTTMM
GGGGGGGGGGPTTTTTTTTTTTTMM
GGGGGGGGGGPVVVVVVVVVVVVMM
GGGGGGGGGGPDDDDDDDDDDDSMM
QQQQQQQQQQPBBBBBBBBBBBSLL
QQQQQQQQQQPNNNNNNNNNNNSLL
AAAAAAAAAAPNNNNNNNNNNNSLL
AAAAAAAAAAPNNNNNNNNNNNSLL
YYYYYYYYYYPNNNNNNNNNNNSLL
YYYYYYYYYYPNNNNNNNNNNNSLL
OOOOOOOOOOPFFFFFFFFFFFSLL
OOOOOOOOOOPFFFFFFFFFFFSLL
Case #42:
AAAAAAABBBBBBBBBBBBBBBBBB
AAAAAAABBBBBBBBBBBBBBBBBB
AAAAAAABBBBBBBBBBBBBBBBBB
AAAAAAABBBBBBBBBBBBBBBBBB
AAAAAAABBBBBBBBBBBBBBBBBB
AAAAAAABBBBBBBBBBBBBBBBBB
AAAAAAABBBBBBBBBBBBBBBBBB
AAAAAAABBBBBBBBBBBBBBBBBB
CCCCCCCBBBBBBBBBBBBBBBBBB
CCCCCCCDDDDDDDDDDDDDDDDDD
EEEEEEEDDDDDDDDDDDDDDDDDD
EEEEEEEDDDDDDDDDDDDDDDDDD
EEEEEEEDDDDDDDDDDDDDDDDDD
EEEEEEEDDDDDDDDDDDDDDDDDD
EEEEEEEDDDDDDDDDDDDDDDDDD
EEEEEEEDDDDDDDDDDDDDDDDDD
EEEEEEEFFFFFFFFFFFHHHHHHH
EEEEEEEFFFFFFFFFFFJJJJJJJ
EEEEEEEFFFFFFFFFFFJJJJJJJ
EEEEEEEFFFFFFFFFFFJJJJJJJ
EEEEEEEFFFFFFFFFFFJJJJJJJ
EEEEEEEGGGGGGGGGGGGIIIIII
EEEEEEEGGGGGGGGGGGGIIIIII
EEEEEEEGGGGGGGGGGGGIIIIII
EEEEEEEGGGGGGGGGGGGIIIIII
Case #43:
YYYYYYYYYYYYYYYYYYYYYYYYY
YYYYYYYYYYYYYYYYYYYYYYYYY
UUUUUUUUUUUUUUUUUUUUUUUUU
GGGGGGGGGGGGGGGGGGGGGGGGG
NNNNNNNNNNNNNNNNNNNNNNNNN
OOOOOOOOHHHHHHHHHHHHHHHHH
OOOOOOOOCCCCCFFFFFFFFFFFF
BBBBBBBBCCCCCFFFFFFFFFFFF
KKKKKKKKCCCCCMMMMMMMMMMMM
KKKKKKKKCCCCCWWWWWWWWWWWW
KKKKKKKKCCCCCQQQQQQAAAAAA
RRRRRRRREEEEEQQQQQQAAAAAA
RRRRRRRREEEEEQQQQQQAAAAAA
RRRRRRRREEEEEVVVVVVAAAAAA
RRRRRRRREEEEEVVVVVVAAAAAA
TTTTTTTTEEEEEVVVVVVSSSSSS
TTTTTTTTEEEEEVVVVVVDDDDDD
TTTTTTTTEEEEELLLLLLDDDDDD
TTTTTTTTEEEEELLLLLLDDDDDD
TTTTTTTTEEEEEZZZZZZDDDDDD
TTTTTTTTEEEEEZZZZZZDDDDDD
JJJJJJJJEEEEEZZZZZZIIIIII
JJJJJJJJEEEEEZZZZZZIIIIII
JJJJJJJJXXXXXZZZZZZIIIIII
JJJJJJJJPPPPPZZZZZZIIIIII
Case #44:
AAAAAAAAAAAAAAAAAAAAAAAAA
BBBBBBBBBBBBBBBBBBBBBBBBB
CCCCCCCCCCCCCCCCCCCCCCCCC
DDDDDDDDDDDDDDDDDDDDDDDDD
EEEEEEEEEEEEEEEEEEEEEEEEE
FFFFFFFFFFFFFFFFFFFFFFFFF
GGGGGGGGGGGGGGGGGGGGGGGGG
HHHHHHHHHHHHHHHHHHHHHHHHH
IIIIIIIIIIIIIIIIIIIIIIIII
JJJJJJJJJJJJJJJJJJJJJJJJJ
KKKKKKKKKKKKKKKKKKKKKKKKK
LLLLLLLLLLLLLLLLLLLLLLLLL
MMMMMMMMMMMMMMMMMMMMMMMMM
NNNNNNNNNNNNNNNNNNNNNNNNN
OOOOOOOOOOOOOOOOOOOOOOOOO
PPPPPPPPPPPPPPPPPPPPPPPPP
QQQQQQQQQQQQQQQQQQQQQQQQQ
RRRRRRRRRRRRRRRRRRRRRRRRR
SSSSSSSSSSSSSSSSSSSSSSSSS
TTTTTTTTTTTTTTTTTTTTTTTTT
UUUUUUUUUUUUUUUUUUUUUUUUU
VVVVVVVVVVVVVVVVVVVVVVVVV
WWWWWWWWWWWWWWWWWWWWWWWWW
XXXXXXXXXXXXXXXXXXXXXXXXX
YYYYYYYYYYYYYYYYYYYYYYYYY
Case #45:
KKAAA
JJJEE
GGGHB
GGGHF
IIDCF
Case #46:
DDDDDDDDDDDDDDDDDDDDDDDDD
AAAAAAAAAAAAAAAAAAAAAAAAA
QQQQQQQQQQQQQQQQPPPPBLLLL
ZZZZZZZZZZZZZZZZPPPPOLLLL
RRRRRRRRRRRRRRRRRRRGOFFFF
IIIIIIIIIIIIIIIXXXXGOFFFF
WWWWWWWWWWWWWWCXXXXGOYYYV
UUUUUUUUUUUUUUCHHHHGOMMMV
UUUUUUUUUUUUUUCHHHHGOSSSV
UUUUUUUUUUUUUUCNNNNGOKKKV
UUUUUUUUUUUUUUCNNNNEOJJJV
UUUUUUUUUUUUUUCNNNNEOTTTV
UUUUUUUUUUUUUUCNNNNEOTTTV
UUUUUUUUUUUUUUCNNNNEOTTTV
UUUUUUUUUUUUUUCNNNNEOTTTV
UUUUUUUUUUUUUUCNNNNEOTTTV
UUUUUUUUUUUUUUCNNNNEOTTTV
UUUUUUUUUUUUUUCNNNNEOTTTV
UUUUUUUUUUUUUUCNNNNEOTTTV
UUUUUUUUUUUUUUCNNNNEOTTTV
UUUUUUUUUUUUUUCNNNNEOTTTV
UUUUUUUUUUUUUUCNNNNEOTTTV
UUUUUUUUUUUUUUCNNNNEOTTTV
UUUUUUUUUUUUUUCNNNNEOTTTV
UUUUUUUUUUUUUUCNNNNEOTTTV
Case #47:
AACCCCCCCCCCCCCCCCCCCCCCC
AACCCCCCCCCCCCCCCCCCCCCCC
AACCCCCCCCCCCCCCCCCCCCCCC
AACCCCCCCCCCCCCCCCCCCCCCC
AACCCCCCCCCCCCCCCCCCCCCCC
AACCCCCCCCCCCCCCCCCCCCCCC
AAEEEEEEEEEEEEEEEEEEEEEEE
AAEEEEEEEEEEEEEEEEEEEEEEE
AAEEEEEEEEEEEEEEEEEEEEEEE
AAEEEEEEEEEEEEEEEEEEEEEEE
BBBDDDDDDDDDDDDDDDDDDDDDD
BBBDDDDDDDDDDDDDDDDDDDDDD
BBBDDDDDDDDDDDDDDDDDDDDDD
BBBDDDDDDDDDDDDDDDDDDDDDD
BBBDDDDDDDDDDDDDDDDDDDDDD
BBBDDDDDDDDDDDDDDDDDDDDDD
BBBDDDDDDDDDDDDDDDDDDDDDD
BBBDDDDDDDDDDDDDDDDDDDDDD
BBBDDDDDDDDDDDDDDDDDDDDDD
BBBDDDDDDDDDDDDDDDDDDDDDD
BBBDDDDDDDDDDDDDDDDDDDDDD
BBBFFFFFFFFFFFFFFFFFGGGGG
BBBHHHHHHHHHHHHHHHHHGGGGG
BBBHHHHHHHHHHHHHHHHHIIIII
BBBJJJJJJJJJJJJJJJJJIIIII
Case #48:
DDDDDDDDDDDDDDDDDDDDDDDDD
DDDDDDDDDDDDDDDDDDDDDDDDD
DDDDDDDDDDDDDDDDDDDDDDDDD
CCCCCCCCCCCCCCCCCCCCCCCCC
ZZZZZZZZZZZZZZZZZZZZZZZZZ
SSSSSSSSSSSSSSSSSSSSSSSSS
EEEEEEEEEEEEEEEEEEEEEEEEE
EEEEEEEEEEEEEEEEEEEEEEEEE
EEEEEEEEEEEEEEEEEEEEEEEEE
YYYYYYYYYYYYYYYYYYYYYYYYY
HHHHHHHHHHHHHHHHHHHHHHHHH
QQQQQQQQQQQQQQQQQQQQQQQQK
LLLLLLLLLLLLLLAAAPPPPPPPK
LLLLLLLLLLLLLLAAAPPPPPPPK
LLLLLLLLLLLLLLAAAJJJJJJJK
LLLLLLLLLLLLLLAAAWWWWWWWK
NNNNNNNNNNNNNNAAAWWWWWWWK
NNNNNNNNNNNNNNAAAWWWWWWWK
NNNNNNNNNNNNNNAAAXXXXXXXI
GGGGGGGGGGGGGFAAAVVVVVVVT
GGGGGGGGGGGGGFUUUVVVVVVVT
GGGGGGGGGGGGGFUUUMMMMMMMT
GGGGGGGGGGGGGBUUUMMMMMMMT
GGGGGGGGGGGGGBUUUMMMMMMMT
OOOOOOOOOOOOORUUUMMMMMMMT
Case #49:
AAAAACCCCCCCCCCCCCCCCCCCC
AAAAACCCCCCCCCCCCCCCCCCCC
AAAAACCCCCCCCCCCCCCCCCCCC
AAAAACCCCCCCCCCCCCCCCCCCC
AAAAACCCCCCCCCCCCCCCCCCCC
AAAAACCCCCCCCCCCCCCCCCCCC
AAAAACCCCCCCCCCCCCCCCCCCC
AAAAAEEEEEEEEEEEEEEEEEEEE
AAAAAEEEEEEEEEEEEEEEEEEEE
AAAAAEEEEEEEEEEEEEEEEEEEE
AAAAAEEEEEEEEEEEEEEEEEEEE
BBBBBBDDDDDDDDDDDDDDDDDDD
BBBBBBFFFFFFFFFFFFFFFFFFG
BBBBBBHHHHHHHHHHHHHHHHHHG
BBBBBBHHHHHHHHHHHHHHHHHHI
BBBBBBJJJJJJJJJJJJJJJJJJI
BBBBBBJJJJJJJJJJJJJJJJJJI
BBBBBBJJJJJJJJJJJJJJJJJJI
BBBBBBJJJJJJJJJJJJJJJJJJI
BBBBBBJJJJJJJJJJJJJJJJJJI
BBBBBBJJJJJJJJJJJJJJJJJJI
BBBBBBJJJJJJJJJJJJJJJJJJI
BBBBBBJJJJJJJJJJJJJJJJJJI
BBBBBBJJJJJJJJJJJJJJJJJJI
BBBBBBJJJJJJJJJJJJJJJJJJI
Case #50:
ABCDEFGHIJKLMNOPQRSTUVWXY
ABCDEFGHIJKLMNOPQRSTUVWXY
ABCDEFGHIJKLMNOPQRSTUVWXY
ABCDEFGHIJKLMNOPQRSTUVWXY
ABCDEFGHIJKLMNOPQRSTUVWXY
ABCDEFGHIJKLMNOPQRSTUVWXY
ABCDEFGHIJKLMNOPQRSTUVWXY
ABCDEFGHIJKLMNOPQRSTUVWXY
ABCDEFGHIJKLMNOPQRSTUVWXY
ABCDEFGHIJKLMNOPQRSTUVWXY
ABCDEFGHIJKLMNOPQRSTUVWXY
ABCDEFGHIJKLMNOPQRSTUVWXY
ABCDEFGHIJKLMNOPQRSTUVWXY
ABCDEFGHIJKLMNOPQRSTUVWXY
ABCDEFGHIJKLMNOPQRSTUVWXY
ABCDEFGHIJKLMNOPQRSTUVWXY
ABCDEFGHIJKLMNOPQRSTUVWXY
ABCDEFGHIJKLMNOPQRSTUVWXY
ABCDEFGHIJKLMNOPQRSTUVWXY
ABCDEFGHIJKLMNOPQRSTUVWXY
ABCDEFGHIJKLMNOPQRSTUVWXY
ABCDEFGHIJKLMNOPQRSTUVWXY
ABCDEFGHIJKLMNOPQRSTUVWXY
ABCDEFGHIJKLMNOPQRSTUVWXY
ABCDEFGHIJKLMNOPQRSTUVWXY
Case #51:
AAAAAAAAAAAAAAAAAAAAAAAAB
AAAAAAAAAAAAAAAAAAAAAAAAB
AAAAAAAAAAAAAAAAAAAAAAAAB
CCCCCCCCCCCCCCCCCCCCCCCCB
CCCCCCCCCCCCCCCCCCCCCCCCD
EEEEEEEEEEEEEEEEEEEEEEEED
EEEEEEEEEEEEEEEEEEEEEEEED
EEEEEEEEEEEEEEEEEEEEEEEED
EEEEEEEEEEEEEEEEEEEEEEEED
EEEEEEEEEEEEEEEEEEEEEEEED
EEEEEEEEEEEEEEEEEEEEEEEED
EEEEEEEEEEEEEEEEEEEEEEEED
EEEEEEEEEEEEEEEEEEEEEEEED
EEEEEEEEEEEEEEEEEEEEEEEED
EEEEEEEEEEEEEEEEEEEEEEEED
EEEEEEEEEEEEEEEEEEEEEEEED
EEEEEEEEEEEEEEEEEEEEEEEED
EEEEEEEEEEEEEEEEEEEEEEEED
EEEEEEEEEEEEEEEEEEEEEEEED
EEEEEEEEEEEEEEEEEEEEEEEED
EEEEEEEEEEEEEEEEEEEEEEEED
EEEEEEEEEEEEEEEEEEEEEEEED
EEEEEEEEEEEEEEEEEEEEEEEED
EEEEEEEEEEEEEEEEEEEEEEEED
EEEEEEEEEEEEEEEEEEEEEEEED
Case #52:
CCCA
BBBA
BBBA
Case #53:
FFFFFFFFFFFFFFFFFFFFFFFFF
FFFFFFFFFFFFFFFFFFFFFFFFF
FFFFFFFFFFFFFFFFFFFFFFFFF
FFFFFFFFFFFFFFFFFFFFFFFFF
FFFFFFFFFFFFFFFFFFFFFFFFF
FFFFFFFFFFFFFFFFFFFFFFFFF
XXVVVMMMMMMMMMMMMMMMMMMMM
AAZZZZZZPPPPPPPPPPPPPPPPP
LLCCCGGGGGDDDDDDDDDDDDDDD
LLBBBBBJJJOTTTTTTTTTTTTTT
LLBBBBBJJJOTTTTTTTTTTTTTT
LLBBBBBJJJOTTTTTTTTTTTTTT
LLNNKKKSUUOTTTTTTTTTTTTTT
QQNNWWWSUUOTTTTTTTTTTTTTT
QQIIHHHSUUOTTTTTTTTTTTTTT
RRYYHHHSUUOTTTTTTTTTTTTTT
EEYYHHHSUUOTTTTTTTTTTTTTT
EEYYHHHSUUOTTTTTTTTTTTTTT
EEYYHHHSUUOTTTTTTTTTTTTTT
EEYYHHHSUUOTTTTTTTTTTTTTT
EEYYHHHSUUOTTTTTTTTTTTTTT
EEYYHHHSUUOTTTTTTTTTTTTTT
EEYYHHHSUUOTTTTTTTTTTTTTT
EEYYHHHSUUOTTTTTTTTTTTTTT
EEYYHHHSUUOTTTTTTTTTTTTTT
Case #54:
DDUIIFFFFFFFFFFFFFFFFFFFF
BBZEEFFFFFFFFFFFFFFFFFFFF
NHTVVFFFFFFFFFFFFFFFFFFFF
XGTSKKKAAAAAAAAAAAAAAAAAA
XGTSPPLAAAAAAAAAAAAAAAAAA
XGTYCCLAAAAAAAAAAAAAAAAAA
XWMJCCLAAAAAAAAAAAAAAAAAA
XRMJCCLAAAAAAAAAAAAAAAAAA
XOQJCCLAAAAAAAAAAAAAAAAAA
XOQJCCLAAAAAAAAAAAAAAAAAA
XOQJCCLAAAAAAAAAAAAAAAAAA
XOQJCCLAAAAAAAAAAAAAAAAAA
XOQJCCLAAAAAAAAAAAAAAAAAA
XOQJCCLAAAAAAAAAAAAAAAAAA
XOQJCCLAAAAAAAAAAAAAAAAAA
XOQJCCLAAAAAAAAAAAAAAAAAA
XOQJCCLAAAAAAAAAAAAAAAAAA
XOQJCCLAAAAAAAAAAAAAAAAAA
XOQJCCLAAAAAAAAAAAAAAAAAA
XOQJCCLAAAAAAAAAAAAAAAAAA
XOQJCCLAAAAAAAAAAAAAAAAAA
XOQJCCLAAAAAAAAAAAAAAAAAA
XOQJCCLAAAAAAAAAAAAAAAAAA
XOQJCCLAAAAAAAAAAAAAAAAAA
XOQJCCLAAAAAAAAAAAAAAAAAA
Case #55:
ZZZZZZZZZZZZZZZZZZZZZZZZZ
TTTTTTTTTTTTTTTTTTTTTTTTT
TTTTTTTTTTTTTTTTTTTTTTTTT
GGGGGGGGGSSSSSSSSSSNNNNNN
GGGGGGGGGJJJJJJJJJJNNNNNN
GGGGGGGGGJJJJJJJJJJXXXXXX
VVVVVVVVVLLWWWWWWWWXXXXXX
VVVVVVVVVLLFFFFFFFCXXXXXX
VVVVVVVVVLLFFFFFFFCXXXXXX
MMMMMMMMMLLFFFFFFFCXXXXXX
MMMMMMMMMLLFFFFFFFCXXXXXX
QQQQQQQQQLLFFFFFFFCRRRRRR
QQQQQQQQQLLFFFFFFFCUUUUUU
OOOOOOOOOLLFFFFFFFCUUUUUU
OOOOOOOOOLLFFFFFFFCUUUUUU
OOOOOOOOOLLFFFFFFFCUUUUUU
OOOOOOOOOLLFFFFFFFCUUUUUU
PPPPPPPPPLLFFFFFFFCUUUUUU
PPPPPPPPPLLFFFFFFFCUUUUUU
PPPPPPPPPEEFFFFFFFCUUUUUU
IIIIIIIIIEEFFFFFFFCUUUUUU
IIIIIIIIIEEDDDDDDDCUUUUUU
IIIIIIIIIEEYYYYYYYCUUUUUU
HHHHHHHKKEEBBBBBBBCUUUUUU
HHHHHHHKKEEAAAAAAACUUUUUU
Case #56:
ABCDEFGHIJKLMNOPQRSTUVWXY
ABCDEFGHIJKLMNOPQRSTUVWXY
ABCDEFGHIJKLMNOPQRSTUVWXY
ABCDEFGHIJKLMNOPQRSTUVWXY
ABCDEFGHIJKLMNOPQRSTUVWXY
ABCDEFGHIJKLMNOPQRSTUVWXY
ABCDEFGHIJKLMNOPQRSTUVWXY
ABCDEFGHIJKLMNOPQRSTUVWXY
ABCDEFGHIJKLMNOPQRSTUVWXY
ABCDEFGHIJKLMNOPQRSTUVWXY
ABCDEFGHIJKLMNOPQRSTUVWXY
ABCDEFGHIJKLMNOPQRSTUVWXY
ABCDEFGHIJKLMNOPQRSTUVWXY
ABCDEFGHIJKLMNOPQRSTUVWXY
ABCDEFGHIJKLMNOPQRSTUVWXY
ABCDEFGHIJKLMNOPQRSTUVWXY
ABCDEFGHIJKLMNOPQRSTUVWXY
ABCDEFGHIJKLMNOPQRSTUVWXY
ABCDEFGHIJKLMNOPQRSTUVWXY
ABCDEFGHIJKLMNOPQRSTUVWXY
ABCDEFGHIJKLMNOPQRSTUVWXY
ABCDEFGHIJKLMNOPQRSTUVWXY
ABCDEFGHIJKLMNOPQRSTUVWXY
ABCDEFGHIJKLMNOPQRSTUVWXY
ABCDEFGHIJKLMNOPQRSTUVWXY
Case #57:
TTTTTTTTTTTTTTTTTTTTTTTTT
TTTTTTTTTTTTTTTTTTTTTTTTT
TTTTTTTTTTTTTTTTTTTTTTTTT
TTTTTTTTTTTTTTTTTTTTTTTTT
TTTTTTTTTTTTTTTTTTTTTTTTT
TTTTTTTTTTTTTTTTTTTTTTTTT
TTTTTTTTTTTTTTTTTTTTTTTTT
TTTTTTTTTTTTTTTTTTTTTTTTT
TTTTTTTTTTTTTTTTTTTTTTTTT
TTTTTTTTTTTTTTTTTTTTTTTTT
TTTTTTTTTTTTTTTTTTTTTTTTT
TTTTTTTTTTTTTTTTTTTTTTTTT
TTTTTTTTTTTTTTTTTTTTTTTTT
TTTTTTTTTTTTTTTTTTTTTTTTT
TTTTTTTTTTTTTTTTTTTTTTTTT
TTTTTTTTTTTTTTTTTTTTTTTTT
TTTTTTTTTTTTTTTTTTTTTTTTT
TTTTTTTTTTTTTTTTTTTTTTTTT
CCCCCCCCCCCCCCCCCCCCCCCCC
NNNNNNNNMKKIIIIIIIIIIIIII
DDDDDDDDJJXSSSSSSSSSSSSSS
WWWWWWAARVUSSSSSSSSSSSSSS
BBBBBBPHYEULFFFFFFFFFFFFF
ZZZZZZPHYEULGGGGGGGGGGGGG
ZZZZZZPHYOULQQQQQQQQQQQQQ
Case #58:
AAAAAAAAAAAAAAAAAAAAAAAAA
BBBBBBBBBBBBBBBBBBBBBBBBB
CCCCCCCCCCCCCCCCCCCCCCCCC
DDDDDDDDDDDDDDDDDDDDDDDDD
EEEEEEEEEEEEEEEEEEEEEEEEE
FFFFFFFFFFFFFFFFFFFFFFFFF
GGGGGGGGGGGGGGGGGGGGGGGGG
HHHHHHHHHHHHHHHHHHHHHHHHH
IIIIIIIIIIIIIIIIIIIIIIIII
JJJJJJJJJJJJJJJJJJJJJJJJJ
KKKKKKKKKKKKKKKKKKKKKKKKK
LLLLLLLLLLLLLLLLLLLLLLLLL
MMMMMMMMMMMMMMMMMMMMMMMMM
NNNNNNNNNNNNNNNNNNNNNNNNN
OOOOOOOOOOOOOOOOOOOOOOOOO
PPPPPPPPPPPPPPPPPPPPPPPPP
QQQQQQQQQQQQQQQQQQQQQQQQQ
RRRRRRRRRRRRRRRRRRRRRRRRR
SSSSSSSSSSSSSSSSSSSSSSSSS
TTTTTTTTTTTTTTTTTTTTTTTTT
UUUUUUUUUUUUUUUUUUUUUUUUU
VVVVVVVVVVVVVVVVVVVVVVVVV
WWWWWWWWWWWWWWWWWWWWWWWWW
XXXXXXXXXXXXXXXXXXXXXXXXX
YYYYYYYYYYYYYYYYYYYYYYYYY
Case #59:
AB
Case #60:
ZZZZZZZXXXXXXXXXXXXXXXXXX
ZZZZZZZXXXXXXXXXXXXXXXXXX
ZZZZZZZXXXXXXXXXXXXXXXXXX
ZZZZZZZXXXXXXXXXXXXXXXXXX
ZZZZZZZXXXXXXXXXXXXXXXXXX
ZZZZZZZXXXXXXXXXXXXXXXXXX
ZZZZZZZXXXXXXXXXXXXXXXXXX
ZZZZZZZXXXXXXXXXXXXXXXXXX
ZZZZZZZXXXXXXXXXXXXXXXXXX
ZZZZZZZXXXXXXXXXXXXXXXXXX
ZZZZZZZXXXXXXXXXXXXXXXXXX
ZZZZZZZXXXXXXXXXXXXXXXXXX
ZZZZZZZXXXXXXXXXXXXXXXXXX
ZZZZZZZXXXXXXXXXXXXXXXXXX
ZZZZZZZXXXXXXXXXXXXXXXXXX
AAAAAAABBBBBBBBBBBBBBBBBB
AAAAAAARRRRRRRRRRRRRRRRRR
GGGGIIIITHHHHHHHHHHHHHHHH
CCCOOOOKMUVVVVVVVVVVVVVVV
CCCDDDFKYJVVVVVVVVVVVVVVV
CCCEEEPWNJVVVVVVVVVVVVVVV
CCCSSSPWNJVVVVVVVVVVVVVVV
CCCLLLPQNJVVVVVVVVVVVVVVV
CCCLLLPQNJVVVVVVVVVVVVVVV
CCCLLLPQNJVVVVVVVVVVVVVVV
Case #61:
B
E
E
M
M
M
F
L
H
H
D
D
K
C
I
I
A
A
A
A
G
G
G
G
J
Case #62:
AAAAAAAAAAAAAAAAACCCCCCCC
AAAAAAAAAAAAAAAAACCCCCCCC
AAAAAAAAAAAAAAAAACCCCCCCC
AAAAAAAAAAAAAAAAACCCCCCCC
AAAAAAAAAAAAAAAAACCCCCCCC
AAAAAAAAAAAAAAAAACCCCCCCC
AAAAAAAAAAAAAAAAACCCCCCCC
AAAAAAAAAAAAAAAAACCCCCCCC
AAAAAAAAAAAAAAAAACCCCCCCC
AAAAAAAAAAAAAAAAACCCCCCCC
AAAAAAAAAAAAAAAAACCCCCCCC
AAAAAAAAAAAAAAAAACCCCCCCC
AAAAAAAAAAAAAAAAACCCCCCCC
AAAAAAAAAAAAAAAAACCCCCCCC
AAAAAAAAAAAAAAAAACCCCCCCC
AAAAAAAAAAAAAAAAACCCCCCCC
AAAAAAAAAAAAAAAAAEEEEEEEE
AAAAAAAAAAAAAAAAAEEEEEEEE
AAAAAAAAAAAAAAAAAEEEEEEEE
AAAAAAAAAAAAAAAAAEEEEEEEE
BBBBBBBBBBBBBBBBBBDDDDDDD
BBBBBBBBBBBBBBBBBBDDDDDDD
BBBBBBBBBBBBBBBBBBDDDDDDD
BBBBBBBBBBBBBBBBBBDDDDDDD
BBBBBBBBBBBBBBBBBBDDDDDDD
Case #63:
AAAAAAAAAAAAAAAAAAAAAAAAA
BBBBBBBBBBBBBBBBBBBBBBBBB
CCCCCCCCCCCCCCCCCCCCCCCCC
DDDDDDDDDDDDDDDDDDDDDDDDD
EEEEEEEEEEEEEEEEEEEEEEEEE
FFFFFFFFFFFFFFFFFFFFFFFFF
GGGGGGGGGGGGGGGGGGGGGGGGG
HHHHHHHHHHHHHHHHHHHHHHHHH
IIIIIIIIIIIIIIIIIIIIIIIII
JJJJJJJJJJJJJJJJJJJJJJJJJ
KKKKKKKKKKKKKKKKKKKKKKKKK
LLLLLLLLLLLLLLLLLLLLLLLLL
MMMMMMMMMMMMMMMMMMMMMMMMM
NNNNNNNNNNNNNNNNNNNNNNNNN
OOOOOOOOOOOOOOOOOOOOOOOOO
PPPPPPPPPPPPPPPPPPPPPPPPP
QQQQQQQQQQQQQQQQQQQQQQQQQ
RRRRRRRRRRRRRRRRRRRRRRRRR
SSSSSSSSSSSSSSSSSSSSSSSSS
TTTTTTTTTTTTTTTTTTTTTTTTT
UUUUUUUUUUUUUUUUUUUUUUUUU
VVVVVVVVVVVVVVVVVVVVVVVVV
WWWWWWWWWWWWWWWWWWWWWWWWW
XXXXXXXXXXXXXXXXXXXXXXXXX
YYYYYYYYYYYYYYYYYYYYYYYYY
Case #64:
AAAAAAAAAAAAAAAAAAAAAAABB
AAAAAAAAAAAAAAAAAAAAAAABB
AAAAAAAAAAAAAAAAAAAAAAABB
AAAAAAAAAAAAAAAAAAAAAAABB
AAAAAAAAAAAAAAAAAAAAAAABB
AAAAAAAAAAAAAAAAAAAAAAABB
AAAAAAAAAAAAAAAAAAAAAAABB
AAAAAAAAAAAAAAAAAAAAAAABB
AAAAAAAAAAAAAAAAAAAAAAABB
AAAAAAAAAAAAAAAAAAAAAAABB
AAAAAAAAAAAAAAAAAAAAAAABB
AAAAAAAAAAAAAAAAAAAAAAABB
AAAAAAAAAAAAAAAAAAAAAAABB
AAAAAAAAAAAAAAAAAAAAAAABB
AAAAAAAAAAAAAAAAAAAAAAABB
AAAAAAAAAAAAAAAAAAAAAAABB
AAAAAAAAAAAAAAAAAAAAAAABB
AAAAAAAAAAAAAAAAAAAAAAABB
AAAAAAAAAAAAAAAAAAAAAAABB
AAAAAAAAAAAAAAAAAAAAAAABB
AAAAAAAAAAAAAAAAAAAAAAABB
AAAAAAAAAAAAAAAAAAAAAAABB
CCCCCCCCCCCCCCCCCCCCCCCBB
CCCCCCCCCCCCCCCCCCCCCCCDD
EEEEEEEEEEEEEEEEEEEEEEEDD
Case #65:
XXXXXXXXXXXXXXXXXXXXXXXXX
CCCCCCCCCCCCLLLLLLLLLLLLL
OOOOOOOOOOOOAAAAAAAAAWWWW
OOOOOOOOOOOOAAAAAAAAAWWWW
OOOOOOOOOOOOKKKKKDDDDWWWW
OOOOOOOOOOOOKKKKKDDDDWWWW
TTTTTTTTTTTTTTTPPDDDDWWWW
TTTTTTTTTTTTTTTPPDDDDWWWW
SSIIIIIIEEEEEEEPPDDDDWWWW
SSIIIIIIEEEEEEEPPDDDDWWWW
SSUUUUUUEEEEEEEPPDDDDWWWW
SSUUUUUUEEEEEEEPPDDDDQQQQ
SSUUUUUUEEEEEEEPPDDDDQQQQ
SSUUUUUUEEEEEEEPPDDDDNNNN
SSUUUUUUEEEEEEEPPVVVVNNNN
SSUUUUUUJJJJJJHPPMMMMNNNN
SSUUUUUUJJJJJJHPPMMMMNNNN
SSYYYYYYJJJJJJHPPMMMMNNNN
SSYYYYYYFFFFFFHPPMMMMNNNN
SSBBBBBBFFFFFFHPPMMMMNNNN
SSBBBBBBZZZZZZHPPMMMMNNNN
SSBBBBBBZZZZZZHPPMMMMNNNN
SSBBBBBBZZZZZZHPPMMMMRRRR
SSBBBBBBZZZZZZHPPMMMMRRRR
SSGGGGGGZZZZZZHPPMMMMRRRR
Case #66:
AA
AA
Case #67:
GGGGGGGGGGGGGGGGGGGGGGGGG
GGGGGGGGGGGGGGGGGGGGGGGGG
GGGGGGGGGGGGGGGGGGGGGGGGG
GGGGGGGGGGGGGGGGGGGGGGGGG
GGGGGGGGGGGGGGGGGGGGGGGGG
GGGGGGGGGGGGGGGGGGGGGGGGG
GGGGGGGGGGGGGGGGGGGGGGGGG
WWWWWWWWWWWWWWWWWWWWDDDPV
CCCCCCCCCCCCCCCCCCCCCEELI
ZZZZZZZZZZZZZZZZZZZZZZQAO
SSSSSSSSSSSSSSSSSSSSSSKMO
UUUUUUUUUUUUUUUUUUUUUJKHR
UUUUUUUUUUUUUUUUUUUUUBKHY
UUUUUUUUUUUUUUUUUUUUUBNTX
UUUUUUUUUUUUUUUUUUUUUBNTF
UUUUUUUUUUUUUUUUUUUUUBNTF
UUUUUUUUUUUUUUUUUUUUUBNTF
UUUUUUUUUUUUUUUUUUUUUBNTF
UUUUUUUUUUUUUUUUUUUUUBNTF
UUUUUUUUUUUUUUUUUUUUUBNTF
UUUUUUUUUUUUUUUUUUUUUBNTF
UUUUUUUUUUUUUUUUUUUUUBNTF
UUUUUUUUUUUUUUUUUUUUUBNTF
UUUUUUUUUUUUUUUUUUUUUBNTF
UUUUUUUUUUUUUUUUUUUUUBNTF
Case #68:
A
Case #69:
HHHHHHHHHHHHHHHHHHHOOOOO
EEEEEEEEEEEEEEEEEEEOOOOO
SSSSSSSSSSSSSSSSSSSOOOOO
CCCCCCCCCCCCCCCCCCCOOOOO
GGGGGGGGGGGGGGGGGGGOOOOO
RRRRRRRRRRRRRRRRRRRRRRRX
KKKKKKKKKKKKKKKKKKKKKKKX
KKKKKKKKKKKKKKKKKKKKKKKX
DDDDDDDDDDDDDDDDDDDDDDDX
DDDDDDDDDDDDDDDDDDDDDDDX
LLLLLLLLLLLLLLBBBBBBBBBX
UUUUUIIIIIIIIIBBBBBBBBBX
JJJJJJJJJJYYYYBBBBBBBBBX
JJJJJJJJJJYYYYBBBBBBBBBX
JJJJJJJJJJYYYYBBBBBBBBBX
JJJJJJJJJJYYYYBBBBBBBBBX
JJJJJJJJJJYYYYBBBBBBBBBX
PPPPPPPPPPYYYYBBBBBBBBBX
PPPPPPPPPPYYYYBBBBBBBBBX
PPPPPPPPPPYYYYNNNNNNNNNX
MMMMMMMMMMYYYYNNNNNNNNNX
VVVVVVVVVVYYYYQQQQQQQQQX
AAAAAAAAAAWWWWQQQQQQQQQX
AAAAAAAAAAWWWWQQQQQQQQQX
TTTTTTTTTTWWWWFFFFFFFFFX
Case #70:
CNNNN
LOKKK
IGJBD
PHFBD
EAFBD
MAFBD
MAFBD
Case #71:
CA
CB
Case #72:
ABCDEFGHIJKLMNOPQRSTUVWXY
ABCDEFGHIJKLMNOPQRSTUVWXY
ABCDEFGHIJKLMNOPQRSTUVWXY
ABCDEFGHIJKLMNOPQRSTUVWXY
ABCDEFGHIJKLMNOPQRSTUVWXY
ABCDEFGHIJKLMNOPQRSTUVWXY
ABCDEFGHIJKLMNOPQRSTUVWXY
ABCDEFGHIJKLMNOPQRSTUVWXY
ABCDEFGHIJKLMNOPQRSTUVWXY
ABCDEFGHIJKLMNOPQRSTUVWXY
ABCDEFGHIJKLMNOPQRSTUVWXY
ABCDEFGHIJKLMNOPQRSTUVWXY
ABCDEFGHIJKLMNOPQRSTUVWXY
ABCDEFGHIJKLMNOPQRSTUVWXY
ABCDEFGHIJKLMNOPQRSTUVWXY
ABCDEFGHIJKLMNOPQRSTUVWXY
ABCDEFGHIJKLMNOPQRSTUVWXY
ABCDEFGHIJKLMNOPQRSTUVWXY
ABCDEFGHIJKLMNOPQRSTUVWXY
ABCDEFGHIJKLMNOPQRSTUVWXY
ABCDEFGHIJKLMNOPQRSTUVWXY
ABCDEFGHIJKLMNOPQRSTUVWXY
ABCDEFGHIJKLMNOPQRSTUVWXY
ABCDEFGHIJKLMNOPQRSTUVWXY
ABCDEFGHIJKLMNOPQRSTUVWXY
Case #73:
AAAAAACCCCCCCCCCCCCCCCCCC
AAAAAACCCCCCCCCCCCCCCCCCC
AAAAAAEEEEEEEEEEEEEEEEEEE
AAAAAAEEEEEEEEEEEEEEEEEEE
AAAAAAEEEEEEEEEEEEEEEEEEE
AAAAAAEEEEEEEEEEEEEEEEEEE
BBBBBBBDDDDDDDDDDDDDDDDDD
BBBBBBBDDDDDDDDDDDDDDDDDD
BBBBBBBDDDDDDDDDDDDDDDDDD
BBBBBBBDDDDDDDDDDDDDDDDDD
BBBBBBBDDDDDDDDDDDDDDDDDD
BBBBBBBDDDDDDDDDDDDDDDDDD
BBBBBBBDDDDDDDDDDDDDDDDDD
BBBBBBBFFFFFFFFFFFFGGGGGG
BBBBBBBHHHHHHHHHHHHGGGGGG
BBBBBBBHHHHHHHHHHHHIIIIII
BBBBBBBJJJJJJJJJJJJIIIIII
BBBBBBBJJJJJJJJJJJJIIIIII
BBBBBBBJJJJJJJJJJJJIIIIII
BBBBBBBJJJJJJJJJJJJIIIIII
BBBBBBBJJJJJJJJJJJJIIIIII
BBBBBBBJJJJJJJJJJJJIIIIII
BBBBBBBJJJJJJJJJJJJIIIIII
BBBBBBBJJJJJJJJJJJJIIIIII
BBBBBBBJJJJJJJJJJJJIIIIII
Case #74:
CCDA
CCDA
CCDA
CCDA
CCDA
CCBA
Case #75:
AACCCCCCCCCCCCCCCCCCCCCCC
AACCCCCCCCCCCCCCCCCCCCCCC
AACCCCCCCCCCCCCCCCCCCCCCC
AAEEEEEEEEEEEEEEEEEEEEEEE
AAEEEEEEEEEEEEEEEEEEEEEEE
AAEEEEEEEEEEEEEEEEEEEEEEE
AAEEEEEEEEEEEEEEEEEEEEEEE
BBBDDDDDDDDDDDDDDDDDDDDDD
BBBDDDDDDDDDDDDDDDDDDDDDD
BBBDDDDDDDDDDDDDDDDDDDDDD
BBBDDDDDDDDDDDDDDDDDDDDDD
BBBDDDDDDDDDDDDDDDDDDDDDD
BBBDDDDDDDDDDDDDDDDDDDDDD
BBBDDDDDDDDDDDDDDDDDDDDDD
BBBDDDDDDDDDDDDDDDDDDDDDD
BBBDDDDDDDDDDDDDDDDDDDDDD
BBBDDDDDDDDDDDDDDDDDDDDDD
BBBDDDDDDDDDDDDDDDDDDDDDD
BBBDDDDDDDDDDDDDDDDDDDDDD
BBBFFFFFFFFFFFFFFGGGGGGGG
BBBHHHHHHHHHHHHHHGGGGGGGG
BBBHHHHHHHHHHHHHHIIIIIIII
BBBJJJJJJJJJJJJJJIIIIIIII
BBBJJJJJJJJJJJJJJIIIIIIII
BBBJJJJJJJJJJJJJJIIIIIIII
Case #76:
AAAAAAAAAAABBBBBBBBBBBBBB
AAAAAAAAAAABBBBBBBBBBBBBB
AAAAAAAAAAABBBBBBBBBBBBBB
AAAAAAAAAAABBBBBBBBBBBBBB
AAAAAAAAAAABBBBBBBBBBBBBB
AAAAAAAAAAABBBBBBBBBBBBBB
AAAAAAAAAAABBBBBBBBBBBBBB
AAAAAAAAAAABBBBBBBBBBBBBB
CCCCCCCCCCCBBBBBBBBBBBBBB
CCCCCCCCCCCDDDDDDDDDDDDDD
EEEEEEEEEEEDDDDDDDDDDDDDD
EEEEEEEEEEEDDDDDDDDDDDDDD
EEEEEEEEEEEDDDDDDDDDDDDDD
EEEEEEEEEEEDDDDDDDDDDDDDD
EEEEEEEEEEEFFFFFHHHHHHHHH
EEEEEEEEEEEFFFFFJJJJJJJJJ
EEEEEEEEEEEFFFFFJJJJJJJJJ
EEEEEEEEEEEFFFFFJJJJJJJJJ
EEEEEEEEEEEFFFFFJJJJJJJJJ
EEEEEEEEEEEGGGGGGIIIIIIII
EEEEEEEEEEEGGGGGGIIIIIIII
EEEEEEEEEEEGGGGGGIIIIIIII
EEEEEEEEEEEGGGGGGIIIIIIII
EEEEEEEEEEEGGGGGGIIIIIIII
EEEEEEEEEEEGGGGGGIIIIIIII
Case #77:
AAAAAAAAAAAAAAAAAAABBBBBB
AAAAAAAAAAAAAAAAAAABBBBBB
AAAAAAAAAAAAAAAAAAABBBBBB
AAAAAAAAAAAAAAAAAAABBBBBB
AAAAAAAAAAAAAAAAAAABBBBBB
AAAAAAAAAAAAAAAAAAABBBBBB
AAAAAAAAAAAAAAAAAAABBBBBB
AAAAAAAAAAAAAAAAAAABBBBBB
AAAAAAAAAAAAAAAAAAABBBBBB
AAAAAAAAAAAAAAAAAAABBBBBB
AAAAAAAAAAAAAAAAAAABBBBBB
AAAAAAAAAAAAAAAAAAABBBBBB
AAAAAAAAAAAAAAAAAAABBBBBB
AAAAAAAAAAAAAAAAAAABBBBBB
AAAAAAAAAAAAAAAAAAABBBBBB
CCCCCCCCCCCCCCCCCCCBBBBBB
CCCCCCCCCCCCCCCCCCCDDDDDD
EEEEEEEEEEEEEEEEEEEDDDDDD
EEEEEEEEEEEEEEEEEEEDDDDDD
EEEEEEEEEEEEEEEEEEEDDDDDD
EEEEEEEEEEEEEEEEEEEDDDDDD
EEEEEEEEEEEEEEEEEEEDDDDDD
EEEEEEEEEEEEEEEEEEEDDDDDD
EEEEEEEEEEEEEEEEEEEDDDDDD
EEEEEEEEEEEEEEEEEEEDDDDDD
Case #78:
A
A
Case #79:
SSSSSSSSSSSSSSSSSSSSSSSSS
SSSSSSSSSSSSSSSSSSSSSSSSS
SSSSSSSSSSSSSSSSSSSSSSSSS
SSSSSSSSSSSSSSSSSSSSSSSSS
SSSSSSSSSSSSSSSSSSSSSSSSS
SSSSSSSSSSSSSSSSSSSSSSSSS
SSSSSSSSSSSSSSSSSSSSSSSSS
SSSSSSSSSSSSSSSSSSSSSSSSS
SSSSSSSSSSSSSSSSSSSSSSSSS
SSSSSSSSSSSSSSSSSSSSSSSSS
SSSSSSSSSSSSSSSSSSSSSSSSS
SSSSSSSSSSSSSSSSSSSSSSSSS
SSSSSSSSSSSSSSSSSSSSSSSSS
SSSSSSSSSSSSSSSSSSSSSSSSS
SSSSSSSSSSSSSSSSSSSSSSSSS
SSSSSSSSSSSSSSSSSSSSSSSSS
MMMMMMMJKWWWWWWWWWWWWWWWW
FFFFFFRJZWWWWWWWWWWWWWWWW
UUUUUTRGZCCCCCCCCCCCCCCCC
UUUUUXLGZONNNNNNNNNNNNNNN
HHHHVALGZBDDDDDDDDDDDDDDD
HHHHVALGIBDDDDDDDDDDDDDDD
HHHHVALYQBDDDDDDDDDDDDDDD
HHHHVALEPBDDDDDDDDDDDDDDD
HHHHVALEPBDDDDDDDDDDDDDDD
Case #80:
NNNNDDEEJJJJJZAWRXSSKMMMC
LLLQQPTTBBBFFGIWVXOYHHUUC
Case #81:
BCA
DCA
DCA
DCA
DCA
Case #82:
ABCDEFGHIJKLMNOPQRSTUVWXY
ABCDEFGHIJKLMNOPQRSTUVWXY
ABCDEFGHIJKLMNOPQRSTUVWXY
ABCDEFGHIJKLMNOPQRSTUVWXY
ABCDEFGHIJKLMNOPQRSTUVWXY
ABCDEFGHIJKLMNOPQRSTUVWXY
ABCDEFGHIJKLMNOPQRSTUVWXY
ABCDEFGHIJKLMNOPQRSTUVWXY
ABCDEFGHIJKLMNOPQRSTUVWXY
ABCDEFGHIJKLMNOPQRSTUVWXY
ABCDEFGHIJKLMNOPQRSTUVWXY
ABCDEFGHIJKLMNOPQRSTUVWXY
ABCDEFGHIJKLMNOPQRSTUVWXY
ABCDEFGHIJKLMNOPQRSTUVWXY
ABCDEFGHIJKLMNOPQRSTUVWXY
ABCDEFGHIJKLMNOPQRSTUVWXY
ABCDEFGHIJKLMNOPQRSTUVWXY
ABCDEFGHIJKLMNOPQRSTUVWXY
ABCDEFGHIJKLMNOPQRSTUVWXY
ABCDEFGHIJKLMNOPQRSTUVWXY
ABCDEFGHIJKLMNOPQRSTUVWXY
ABCDEFGHIJKLMNOPQRSTUVWXY
ABCDEFGHIJKLMNOPQRSTUVWXY
ABCDEFGHIJKLMNOPQRSTUVWXY
ABCDEFGHIJKLMNOPQRSTUVWXY
Case #83:
PPPPPPPPPPPPPPPPPEEEEEEEE
PPPPPPPPPPPPPPPPPEEEEEEEE
TTTTTTTTTTTTTTTTTTTTGGGGG
QQQQQQQQQQQRFBBBBBIIGGGGG
QQQQQQQQQQQRFMMMMMMNNNNOO
QQQQQQQQQQQRFDDDDDDDDDCOO
QQQQQQQQQQQRFXXXXXXXXYCOO
QQQQQQQQQQQRFKKKKKKKKYCOO
QQQQQQQQQQQRFZZZZZZSWYCOO
QQQQQQQQQQQRFZZZZZZSWJCOO
QQQQQQQQQQQRFHHHHHHSVUCOO
QQQQQQQQQQQRFHHHHHHLAUCOO
QQQQQQQQQQQRFHHHHHHLAUCOO
QQQQQQQQQQQRFHHHHHHLAUCOO
QQQQQQQQQQQRFHHHHHHLAUCOO
QQQQQQQQQQQRFHHHHHHLAUCOO
QQQQQQQQQQQRFHHHHHHLAUCOO
QQQQQQQQQQQRFHHHHHHLAUCOO
QQQQQQQQQQQRFHHHHHHLAUCOO
QQQQQQQQQQQRFHHHHHHLAUCOO
QQQQQQQQQQQRFHHHHHHLAUCOO
QQQQQQQQQQQRFHHHHHHLAUCOO
QQQQQQQQQQQRFHHHHHHLAUCOO
QQQQQQQQQQQRFHHHHHHLAUCOO
QQQQQQQQQQQRFHHHHHHLAUCOO
Case #84:
YYYYYYYYYLLLLLLLLLLLLLLLL
YYYYYYYYYLLLLLLLLLLLLLLLL
YYYYYYYYYLLLLLLLLLLLLLLLL
YYYYYYYYYLLLLLLLLLLLLLLLL
YYYYYYYYYLLLLLLLLLLLLLLLL
YYYYYYYYYLLLLLLLLLLLLLLLL
YYYYYYYYYLLLLLLLLLLLLLLLL
YYYYYYYYYLLLLLLLLLLLLLLLL
YYYYYYYYYLLLLLLLLLLLLLLLL
AAAAAAAANOOOOOOOOOOOOOOOO
AAAAAAAANJJJJJWWWWWWWWWWW
AAAAAAAANGGGGGWWWWWWWWWWW
AAAAAAAANGGGGGEEEEEEEEEEE
BBBBBBBBNGGGGGCCCCCCCCCCC
BBBBBBBBNGGGGGUUUUUUUUUUU
PPPPPPZZKGGGGGSSSSSSSSMMM
PPPPPPZZKGGGGGSSSSSSSSMMM
PPPPPPZZKGGGGGSSSSSSSSQQQ
TTTTTTZZKGGGGGDDDDDDDDQQQ
TTTTTTZZKGGGGGDDDDDDDDVVV
TTTTTTZZKGGGGGXXXXXXXXVVV
TTTTTTZZKGGGGGXXXXXXXXVVV
RRRRRRRHKGGGGGXXXXXXXXVVV
IIIIIIIHKGGGGGFFFFFFFFVVV
IIIIIIIHKGGGGGFFFFFFFFVVV
Case #85:
ABCDEFGHIJKLMNOPQRSTUVWXY
ABCDEFGHIJKLMNOPQRSTUVWXY
ABCDEFGHIJKLMNOPQRSTUVWXY
ABCDEFGHIJKLMNOPQRSTUVWXY
ABCDEFGHIJKLMNOPQRSTUVWXY
ABCDEFGHIJKLMNOPQRSTUVWXY
ABCDEFGHIJKLMNOPQRSTUVWXY
ABCDEFGHIJKLMNOPQRSTUVWXY
ABCDEFGHIJKLMNOPQRSTUVWXY
ABCDEFGHIJKLMNOPQRSTUVWXY
ABCDEFGHIJKLMNOPQRSTUVWXY
ABCDEFGHIJKLMNOPQRSTUVWXY
ABCDEFGHIJKLMNOPQRSTUVWXY
ABCDEFGHIJKLMNOPQRSTUVWXY
ABCDEFGHIJKLMNOPQRSTUVWXY
ABCDEFGHIJKLMNOPQRSTUVWXY
ABCDEFGHIJKLMNOPQRSTUVWXY
ABCDEFGHIJKLMNOPQRSTUVWXY
ABCDEFGHIJKLMNOPQRSTUVWXY
ABCDEFGHIJKLMNOPQRSTUVWXY
ABCDEFGHIJKLMNOPQRSTUVWXY
ABCDEFGHIJKLMNOPQRSTUVWXY
ABCDEFGHIJKLMNOPQRSTUVWXY
ABCDEFGHIJKLMNOPQRSTUVWXY
ABCDEFGHIJKLMNOPQRSTUVWXY
Case #86:
ABCDEFGHIJKLMNOPQRSTUVWXY
ABCDEFGHIJKLMNOPQRSTUVWXY
ABCDEFGHIJKLMNOPQRSTUVWXY
ABCDEFGHIJKLMNOPQRSTUVWXY
ABCDEFGHIJKLMNOPQRSTUVWXY
ABCDEFGHIJKLMNOPQRSTUVWXY
ABCDEFGHIJKLMNOPQRSTUVWXY
ABCDEFGHIJKLMNOPQRSTUVWXY
ABCDEFGHIJKLMNOPQRSTUVWXY
ABCDEFGHIJKLMNOPQRSTUVWXY
ABCDEFGHIJKLMNOPQRSTUVWXY
ABCDEFGHIJKLMNOPQRSTUVWXY
ABCDEFGHIJKLMNOPQRSTUVWXY
ABCDEFGHIJKLMNOPQRSTUVWXY
ABCDEFGHIJKLMNOPQRSTUVWXY
ABCDEFGHIJKLMNOPQRSTUVWXY
ABCDEFGHIJKLMNOPQRSTUVWXY
ABCDEFGHIJKLMNOPQRSTUVWXY
ABCDEFGHIJKLMNOPQRSTUVWXY
ABCDEFGHIJKLMNOPQRSTUVWXY
ABCDEFGHIJKLMNOPQRSTUVWXY
ABCDEFGHIJKLMNOPQRSTUVWXY
ABCDEFGHIJKLMNOPQRSTUVWXY
ABCDEFGHIJKLMNOPQRSTUVWXY
ABCDEFGHIJKLMNOPQRSTUVWXY
Case #87:
AAAAAAAACCCCCCCCCCCCCCCCC
AAAAAAAACCCCCCCCCCCCCCCCC
AAAAAAAAEEEEEEEEEEEEEEEEE
AAAAAAAAEEEEEEEEEEEEEEEEE
AAAAAAAAEEEEEEEEEEEEEEEEE
AAAAAAAAEEEEEEEEEEEEEEEEE
BBBBBBBBBDDDDDDDDDDDDDDDD
BBBBBBBBBDDDDDDDDDDDDDDDD
BBBBBBBBBDDDDDDDDDDDDDDDD
BBBBBBBBBDDDDDDDDDDDDDDDD
BBBBBBBBBDDDDDDDDDDDDDDDD
BBBBBBBBBDDDDDDDDDDDDDDDD
BBBBBBBBBDDDDDDDDDDDDDDDD
BBBBBBBBBDDDDDDDDDDDDDDDD
BBBBBBBBBFFFFFFFFFFFGGGGG
BBBBBBBBBHHHHHHHHHHHGGGGG
BBBBBBBBBHHHHHHHHHHHIIIII
BBBBBBBBBJJJJJJJJJJJIIIII
BBBBBBBBBJJJJJJJJJJJIIIII
BBBBBBBBBJJJJJJJJJJJIIIII
BBBBBBBBBJJJJJJJJJJJIIIII
BBBBBBBBBJJJJJJJJJJJIIIII
BBBBBBBBBJJJJJJJJJJJIIIII
BBBBBBBBBJJJJJJJJJJJIIIII
BBBBBBBBBJJJJJJJJJJJIIIII
Case #88:
ABCDEFGHIJKLMNOPQRSTUVWXY
ABCDEFGHIJKLMNOPQRSTUVWXY
ABCDEFGHIJKLMNOPQRSTUVWXY
ABCDEFGHIJKLMNOPQRSTUVWXY
ABCDEFGHIJKLMNOPQRSTUVWXY
ABCDEFGHIJKLMNOPQRSTUVWXY
ABCDEFGHIJKLMNOPQRSTUVWXY
ABCDEFGHIJKLMNOPQRSTUVWXY
ABCDEFGHIJKLMNOPQRSTUVWXY
ABCDEFGHIJKLMNOPQRSTUVWXY
ABCDEFGHIJKLMNOPQRSTUVWXY
ABCDEFGHIJKLMNOPQRSTUVWXY
ABCDEFGHIJKLMNOPQRSTUVWXY
ABCDEFGHIJKLMNOPQRSTUVWXY
ABCDEFGHIJKLMNOPQRSTUVWXY
ABCDEFGHIJKLMNOPQRSTUVWXY
ABCDEFGHIJKLMNOPQRSTUVWXY
ABCDEFGHIJKLMNOPQRSTUVWXY
ABCDEFGHIJKLMNOPQRSTUVWXY
ABCDEFGHIJKLMNOPQRSTUVWXY
ABCDEFGHIJKLMNOPQRSTUVWXY
ABCDEFGHIJKLMNOPQRSTUVWXY
ABCDEFGHIJKLMNOPQRSTUVWXY
ABCDEFGHIJKLMNOPQRSTUVWXY
ABCDEFGHIJKLMNOPQRSTUVWXY
Case #89:
UUUUUUUUUUUUYYYYYYYYYYYYY
UUUUUUUUUUUUYYYYYYYYYYYYY
UUUUUUUUUUUUYYYYYYYYYYYYY
UUUUUUUUUUUUYYYYYYYYYYYYY
UUUUUUUUUUUUYYYYYYYYYYYYY
UUUUUUUUUUUUYYYYYYYYYYYYY
UUUUUUUUUUUUYYYYYYYYYYYYY
UUUUUUUUUUUUYYYYYYYYYYYYY
UUUUUUUUUUUUYYYYYYYYYYYYY
UUUUUUUUUUUUYYYYYYYYYYYYY
UUUUUUUUUUUUYYYYYYYYYYYYY
UUUUUUUUUUUUYYYYYYYYYYYYY
UUUUUUUUUUUUHHHHHHHHHHHHH
UUUUUUUUUUUUKKKKKKKKKKKKK
UUUUUUUUUUUUAAAAALLLLLLLL
VVVVVVVVVVXSAAAAALLLLLLLL
DDDDDDDDNNXSZZZQQLLLLLLLL
PPPPPPPJJWXIBBBQQLLLLLLLL
PPPPPPPTTWXIBBBQQLLLLLLLL
PPPPPPPTTWRIBBBQQLLLLLLLL
PPPPPPPTTWFIOOOQQLLLLLLLL
PPPPPPPTTCFMMEEQQLLLLLLLL
PPPPPPPTTCFGGEEQQLLLLLLLL
PPPPPPPTTCFGGEEQQLLLLLLLL
PPPPPPPTTCFGGEEQQLLLLLLLL
Case #90:
NNDPPPPPPPPPPPPPPPPPPPPPP
NNDIIIIIIIIIIIIIIIIIIIILL
NNDJJJJJJJJJJJJJJJJJJOOLL
NNDJJJJJJJJJJJJJJJJJJOOLL
NNDFFFFFFFFFFFFFFFFFFOOLL
NNDFFFFFFFFFFFFFFFFFFOOLL
NNDFFFFFFFFFFFFFFFFFFUULL
NNDTTTTTTTTTTTTTTTTTTUULL
NNDAAAAAAAAAAAAAAAAAAUULL
NNDSSSSSSSSSSSSSSSSSXUULL
NNDSSSSSSSSSSSSSSSSSXUULL
NNDSSSSSSSSSSSSSSSSSXUULL
NNDQQQQQQQQQQQQCCCCCXUULL
NNDQQQQQQQQQQQQCCCCCXUULL
NNDRRRREEEEEEEECCCCCXUULL
NNDYYYYYYYBBBBBCCCCCXUUMM
NNDYYYYYYYGGGGGCCCCCXUUMM
NNDYYYYYYYGGGGGCCCCCXUUMM
NNDYYYYYYYGGGGGCCCCCXUUMM
NNDYYYYYYYGGGGGCCCCCXKKMM
NNDYYYYYYYGGGGGCCCCCXKKMM
NNDYYYYYYYHHHHHHHWZZXKKMM
NNDYYYYYYYHHHHHHHWVVXKKMM
NNDYYYYYYYHHHHHHHWVVXKKMM
NNDYYYYYYYHHHHHHHWVVXKKMM
Case #91:
AAAAAAAAAAAAAAAAAAAAAAAAA
AAAAAAAAAAAAAAAAAAAAAAAAA
AAAAAAAAAAAAAAAAAAAAAAAAA
AAAAAAAAAAAAAAAAAAAAAAAAA
AAAAAAAAAAAAAAAAAAAAAAAAA
AAAAAAAAAAAAAAAAAAAAAAAAA
AAAAAAAAAAAAAAAAAAAAAAAAA
AAAAAAAAAAAAAAAAAAAAAAAAA
AAAAAAAAAAAAAAAAAAAAAAAAA
AAAAAAAAAAAAAAAAAAAAAAAAA
AAAAAAAAAAAAAAAAAAAAAAAAA
AAAAAAAAAAAAAAAAAAAAAAAAA
AAAAAAAAAAAAAAAAAAAAAAAAA
AAAAAAAAAAAAAAAAAAAAAAAAA
AAAAAAAAAAAAAAAAAAAAAAAAA
AAAAAAAAAAAAAAAAAAAAAAAAA
AAAAAAAAAAAAAAAAAAAAAAAAA
AAAAAAAAAAAAAAAAAAAAAAAAA
AAAAAAAAAAAAAAAAAAAAAAAAA
AAAAAAAAAAAAAAAAAAAAAAAAA
AAAAAAAAAAAAAAAAAAAAAAAAA
AAAAAAAAAAAAAAAAAAAAAAAAA
AAAAAAAAAAAAAAAAAAAAAAAAA
AAAAAAAAAAAAAAAAAAAAAAAAA
AAAAAAAAAAAAAAAAAAAAAAAAA
Case #92:
SSSSSSSSSSSSSSSSSVVVVVVVV
LLLLLLLLLLLLLLLLLLMMMMMMM
LLLLLLLLLLLLLLLLLLTTTTTTT
BBBBBBBBBBBBBBBBBBAAAARRR
BBBBBBBBBBBBBBBBBBAAAARRR
BBBBBBBBBBBBBBBBBBAAAARRR
BBBBBBBBBBBBBBBBBBAAAARRR
KKKKKKKKKKKKKKKKKKAAAARRR
KKKKKKKKKKKKKKKKKKAAAARRR
UUUUUUUUUUUUUUUUUUAAAARRR
UUUUUUUUUUUUUUUUUUAAAARRR
UUUUUUUUUUUUUUUUUUAAAARRR
UUUUUUUUUUUUUUUUUUAAAAXXX
UUUUUUUUUUUUUUUUUUAAAAXXX
HHHHHHHHHHHHHHHHHHHJJJXXX
WWWWWWWWWWWWWWWGGGGGQQXXX
CCCCCCCCCCCCCCCGGGGGQQXXX
EEEEEEEEEEEEEEEGGGGGQQXXX
IIIIIIIIIIIIIIIGGGGGQQXXX
DDDDDDOOOOOOOOOGGGGGQQXXX
PPPPPPOOOOOOOOOGGGGGQQXXX
PPPPPPFFFFFFFFFFFFNNQQXXX
PPPPPPFFFFFFFFFFFFNNQQYYY
PPPPPPFFFFFFFFFFFFNNQQYYY
Case #93:
AAAAAAAAABBBBBBBBBBBBBBBB
AAAAAAAAABBBBBBBBBBBBBBBB
AAAAAAAAABBBBBBBBBBBBBBBB
CCCCCCCCCBBBBBBBBBBBBBBBB
CCCCCCCCCDDDDDDDDDDDDDDDD
EEEEEEEEEDDDDDDDDDDDDDDDD
EEEEEEEEEDDDDDDDDDDDDDDDD
EEEEEEEEEDDDDDDDDDDDDDDDD
EEEEEEEEEDDDDDDDDDDDDDDDD
EEEEEEEEEDDDDDDDDDDDDDDDD
EEEEEEEEEDDDDDDDDDDDDDDDD
EEEEEEEEEDDDDDDDDDDDDDDDD
EEEEEEEEEDDDDDDDDDDDDDDDD
EEEEEEEEEDDDDDDDDDDDDDDDD
EEEEEEEEEDDDDDDDDDDDDDDDD
EEEEEEEEEDDDDDDDDDDDDDDDD
EEEEEEEEEDDDDDDDDDDDDDDDD
EEEEEEEEEDDDDDDDDDDDDDDDD
EEEEEEEEEFFFFHHHHHHHHHHHH
EEEEEEEEEFFFFJJJJJJJJJJJJ
EEEEEEEEEFFFFJJJJJJJJJJJJ
EEEEEEEEEFFFFJJJJJJJJJJJJ
EEEEEEEEEFFFFJJJJJJJJJJJJ
EEEEEEEEEGGGGGIIIIIIIIIII
EEEEEEEEEGGGGGIIIIIIIIIII
Case #94:
WWWWWWWWWWQQQQQQQQQQQQQQQ
SSSSSSSSSSQQQQQQQQQQQQQQQ
ZZZZZZZZZZZZZZZZZZZZZZRRR
BBBBBBBBBBBBBBBBBBBBBBRRR
UUUUUUUUUUUUUUUUUUUULLRRR
UUUUUUUUUUUUUUUUUUUULLRRR
CCCCCCCCCCCFFFJJJJJJLLRRR
CCCCCCCCCCCFFFXXXXXXLLRRR
DDDDDDDDDDDFFFXXXXXXLLYYY
DDDDDDDDDDDFFFXXXXXXLLYYY
DDDDDDDDDDDFFFIIIIIILLYYY
OOOOOOOOOOOFFFIIIIIILLYYY
OOOOOOOOOOOFFFIIIIIILLYYY
PPPPPPPPPPPFFFIIIIIILLYYY
PPPPPPPPPPPFFFIIIIIIMMYYY
NNNNNNNNNNNFFFIIIIIIMMYYY
NNNNNNNNNNNFFFIIIIIIMMYYY
NNNNNNNNNNNFFFVVVVVVVGYYY
NNNNNNNNNNNFFFVVVVVVVGYYY
NNNNNNNNNNNFFFHKKKKKKGYYY
NNNNNNNNNNNFFFHKKKKKKGYYY
AAAAAAAAAAAFFFHKKKKKKGYYY
AAAAAAAAAAAFFFHKKKKKKGYYY
TTTTTTTTTTTFFFHKKKKKKGYYY
TTTTTTTTTTTEEEHKKKKKKGYYY
Case #95:
KKKKKKKKKKKKKKEEEEEEEEEEE
KKKKKKKKKKKKKKEEEEEEEEEEE
VVVVVVVVVVVVVVEEEEEEEEEEE
QQQQQQQQQQYYYYEEEEEEEEEEE
QQQQQQQQQQHHHHEEEEEEEEEEE
QQQQQQQQQQHHHHEEEEEEEEEEE
LLLLLLLLLLLLLREEEEEEEEEEE
LLLLLLLLLLLLLRGGGGGGGGGTT
UUUUUUMMMMMMMRGGGGGGGGGTT
WWWWWWMMMMMMMRGGGGGGGGGTT
WWWWWWMMMMMMMRGGGGGGGGGTT
DDCCCCMMMMMMMRSSSSJJJJJTT
DDCCCCMMMMMMMRSSSSBBBBBTT
DDCCCCMMMMMMMRSSSSAAAAATT
DDCCCCMMMMMMMRFFFFAAAAATT
DDCCCCMMMMMMMRFFFFXXXXXTT
DDCCCCMMMMMMMRFFFFXXXXXTT
DDCCCCMMMMMMMRFFFFXXXXXTT
DDCCCCMMMMMMMRFFFFNNNNNTT
DDCCCCMMMMMMMRFFFFNNNNNTT
DDCCCCIIIIIIIRFFFFNNNNNTT
DDCCCCZZZZZZZRFFFFNNNNNTT
DDCCCCZZZZZZZRFFFFNNNNNTT
DDCCCCZZZZZZZRFFFFNNNNNTT
DDCCCCZZZZZZZRPPPONNNNNTT
Case #96:
AAAAAAAAAAAAAAAAAAAAAAAAA
BBBBBBBBBBBBBBBBBBBBBBBBB
CCCCCCCCCCCCCCCCCCCCCCCCC
DDDDDDDDDDDDDDDDDDDDDDDDD
EEEEEEEEEEEEEEEEEEEEEEEEE
FFFFFFFFFFFFFFFFFFFFFFFFF
GGGGGGGGGGGGGGGGGGGGGGGGG
HHHHHHHHHHHHHHHHHHHHHHHHH
IIIIIIIIIIIIIIIIIIIIIIIII
JJJJJJJJJJJJJJJJJJJJJJJJJ
KKKKKKKKKKKKKKKKKKKKKKKKK
LLLLLLLLLLLLLLLLLLLLLLLLL
MMMMMMMMMMMMMMMMMMMMMMMMM
NNNNNNNNNNNNNNNNNNNNNNNNN
OOOOOOOOOOOOOOOOOOOOOOOOO
PPPPPPPPPPPPPPPPPPPPPPPPP
QQQQQQQQQQQQQQQQQQQQQQQQQ
RRRRRRRRRRRRRRRRRRRRRRRRR
SSSSSSSSSSSSSSSSSSSSSSSSS
TTTTTTTTTTTTTTTTTTTTTTTTT
UUUUUUUUUUUUUUUUUUUUUUUUU
VVVVVVVVVVVVVVVVVVVVVVVVV
WWWWWWWWWWWWWWWWWWWWWWWWW
XXXXXXXXXXXXXXXXXXXXXXXXX
YYYYYYYYYYYYYYYYYYYYYYYYY
Case #97:
IIIIIIIIIIIIIQQQQQQQQQQQQ
IIIIIIIIIIIIIQQQQQQQQQQQQ
IIIIIIIIIIIIIQQQQQQQQQQQQ
IIIIIIIIIIIIIQQQQQQQQQQQQ
IIIIIIIIIIIIIQQQQQQQQQQQQ
UUUUUUUUUUUUUQQQQQQQQQQQQ
UUUUUUUUUUUUUGGGGGGGGGDDD
UUUUUUUUUUUUUGGGGGGGGGDDD
VVVVVVVVVVJJJGGGGGGGGGDDD
VVVVVVVVVVJJJGGGGGGGGGDDD
VVVVVVVVVVYYYGGGGGGGGGDDD
VVVVVVVVVVYYYGGGGGGGGGDDD
OOOOOOOOOOYYYAAAAAAAAADDD
OOOOOOOOOOYYYAAAAAAAAADDD
OOOOOOOOOORRRLLLLLLLLLLLF
MMMMMMMMMMMMZZZZZZZHHHHPF
NNNNNNNNNNNNZZZZZZZHHHHPF
WWWWWWWWWWWWZZZZZZZHHHHPF
WWWWWWWWWWWWZZZZZZZHHHHPF
WWWWWWWWWWWWZZZZZZZHHHHPB
WWWWWWWWWWWWCCCCCCSHHHHPB
KKKKKKKKKKKKCCCCCCSHHHHPB
KKKKKKKKKKKKXXXXXXSHHHHPB
TTTTTTTTTTTTXXXXXXSHHHHPE
TTTTTTTTTTTTXXXXXXSHHHHPE
Case #98:
BBBBBBBBBBBBBBBBBBBBBBBBB
BBBBBBBBBBBBBBBBBBBBBBBBB
BBBBBBBBBBBBBBBBBBBBBBBBB
BBBBBBBBBBBBBBBBBBBBBBBBB
BBBBBBBBBBBBBBBBBBBBBBBBB
BBBBBBBBBBBBBBBBBBBBBBBBB
BBBBBBBBBBBBBBBBBBBBBBBBB
BBBBBBBBBBBBBBBBBBBBBBBBB
BBBBBBBBBBBBBBBBBBBBBBBBB
BBBBBBBBBBBBBBBBBBBBBBBBB
BBBBBBBBBBBBBBBBBBBBBBBBB
BBBBBBBBBBBBBBBBBBBBBBBBB
BBBBBBBBBBBBBBBBBBBBBBBBB
BBBBBBBBBBBBBBBBBBBBBBBBB
EEEEEEEEEEEEEEEEEEEEEEEEE
OOOOOOOOOCCCCCCCCCCCCCCCC
SSSSSSSSSNNNNNNNNNNNNNNNN
HHHHHHMMMMMFFFFFFFFFFFFFF
LLLLDIIIIIUURRRRRRRRRRRRR
ZZZZVVWWWWUUTTTTTTTTTTTTT
ZZZZVVAAAAYYJJJJJJJJJJJJJ
ZZZZVVQQQQKKJJJJJJJJJJJJJ
GGGGVVQQQQKKJJJJJJJJJJJJJ
GGGGPPPXXXKKJJJJJJJJJJJJJ
GGGGPPPXXXKKJJJJJJJJJJJJJ
Case #99:
UUUUUUUUUUUYYYYYYYYYYYYYY
HHHHHHHOIBSKDDDCCEEEEEEEE
HHHHHHHOLBSKPPZZVEEEEEEEE
HHHHHHHOWQNKPPZZVEEEEEEEE
HHHHHHHOWQNGMRXXVEEEEEEEE
HHHHHHHOWQNTMFXXVEEEEEEEE
HHHHHHHOWQNTJAXXVEEEEEEEE
HHHHHHHOWQNTJAXXVEEEEEEEE
HHHHHHHOWQNTJAXXVEEEEEEEE
HHHHHHHOWQNTJAXXVEEEEEEEE
HHHHHHHOWQNTJAXXVEEEEEEEE
HHHHHHHOWQNTJAXXVEEEEEEEE
HHHHHHHOWQNTJAXXVEEEEEEEE
HHHHHHHOWQNTJAXXVEEEEEEEE
HHHHHHHOWQNTJAXXVEEEEEEEE
HHHHHHHOWQNTJAXXVEEEEEEEE
HHHHHHHOWQNTJAXXVEEEEEEEE
HHHHHHHOWQNTJAXXVEEEEEEEE
HHHHHHHOWQNTJAXXVEEEEEEEE
HHHHHHHOWQNTJAXXVEEEEEEEE
HHHHHHHOWQNTJAXXVEEEEEEEE
HHHHHHHOWQNTJAXXVEEEEEEEE
HHHHHHHOWQNTJAXXVEEEEEEEE
HHHHHHHOWQNTJAXXVEEEEEEEE
HHHHHHHOWQNTJAXXVEEEEEEEE
Case #100:
XXXXXXXXXXXXXXXXXXXXXXXYY
XXXXXXXXXXXXXXXXXXXXXXXYY
XXXXXXXXXXXXXXXXXXXXXXXYY
EEEEEEEEEEEEEEEEEEEEEEEYY
EEEEEEEEEEEEEEEEEEEEEEEYY
UUUUUUUUUUUUUUUUUUUUZZZYY
MMMMMMMMMMMMMMMMMMMMZZZYY
BBBBBBBBBBBBBBBBBBBBZZZYY
RRRRRRRRRRRRRRRRRRRRRVVYY
LLLLLLLLLLLLLLLLLLLLLVVYY
LLLLLLLLLLLLLLLLLLLLLVVYY
GGGGGGGGGGGGGGGGGGGGGVVYY
FFFFFFFFFFFFFFFFFFFFFVVYY
HHHHHHHHHHHHHHHHHHHJJVVII
WWWWWWWWWWWWWWWWWWWJJVVII
WWWWWWWWWWWWWWWWWWWAAVVII
WWWWWWWWWWWWWWWWWWWTTVVII
CCCCCCCCCCCCCCCCCCCTTVVII
CCCCCCCCCCCCCCCCCCCTTVVII
QQQQQQQQQQQQQQQQQQQTTVVII
OOOOOOODDDDDDDDDDDDTTVVII
SSSSSSSDDDDDDDDDDDDTTVVII
KKKKKKKDDDDDDDDDDDDPPVVII
KKKKKKKDDDDDDDDDDDDPPVVII
KKKKKKKNNNNNNNNNNNNPPVVII
