Case #1:
GGG
CCC
JJJ
Case #2:
CODE
CODE
CJAM
Case #3:
CA
KE
Case #4:
AAA
GII
CFD
EHB
Case #5:
CEJF
IHAB
KGDL
Case #6:
DDDD
BBBC
EEEA
Case #7:
BBB
BBB
EAD
ECF
Case #8:
GFHH
CEDI
ABDI
Case #9:
AA
AA
AA
BB
Case #10:
AA
BB
CC
DD
EE
FF
Case #11:
DDD
BBC
FEC
AEC
Case #12:
ADD
BDD
CCE
Case #13:
AAA
Case #14:
BBBB
FEEE
DACC
Case #15:
ACCC
AEEE
BBDF
Case #16:
DBA
DCA
DCA
EFA
Case #17:
BBBB
EEEE
ACDD
Case #18:
HAD
IBE
JFC
GFC
Case #19:
EEBB
DDBB
DDCA
Case #20:
CAHB
JFDG
LEKI
Case #21:
CA
DB
Case #22:
AABBCCDDEEFF
Case #23:
AA
AA
Case #24:
A
Case #25:
AAAA
BBBB
CCCC
Case #26:
AAAA
BBBB
CCCC
Case #27:
AAA
AAA
Case #28:
CAA
BAA
DAA
DEF
Case #29:
BKH
LDC
GIJ
EAF
Case #30:
BFE
DFE
AFE
CFE
Case #31:
ABCD
ABCD
ABCD
Case #32:
EFC
DBG
ABG
ABG
Case #33:
CBA
Case #34:
AA
Case #35:
AAAA
BBBB
CCCC
Case #36:
A
B
Case #37:
AAAA
BBCC
EEDD
Case #38:
EBB
DCA
Case #39:
AAAA
BBBB
CCCC
Case #40:
DFB
CEA
Case #41:
EDD
CFA
CBA
CBA
Case #42:
EECC
BBCC
DDDA
Case #43:
BBBB
AAAA
Case #44:
BB
AA
Case #45:
FFD
FFD
BBE
CAE
Case #46:
CCJJ
CCJJ
CCJJ
Case #47:
EEEC
AAAB
AAAD
Case #48:
BBA
Case #49:
AABC
AAED
AAED
Case #50:
A
A
Case #51:
FDBC
GLEJ
KHIA
Case #52:
DDDD
BBAA
ECAA
Case #53:
AAEE
DDDC
BBBC
Case #54:
BEEE
ADFF
CDFF
Case #55:
AABBCC
DDDEEF
Case #56:
AAA
BBB
Case #57:
HFD
CBA
IEA
GEA
Case #58:
EEE
BCA
BCA
DCF
Case #59:
AAA
BBE
DDE
CCF
Case #60:
BBBB
DDEA
CCEA
Case #61:
DIH
KCL
JBG
FAE
Case #62:
A
A
B
B
C
C
D
D
E
E
F
F
Case #63:
AAE
CGB
CDF
CDF
Case #64:
AHFB
DGEB
DCEB
Case #65:
FFF
BBB
ADE
ACE
Case #66:
DAC
DAB
Case #67:
ABCD
ABCD
ABCD
Case #68:
BBDD
EADD
CADD
Case #69:
FFC
JBA
GDE
HKI
Case #70:
BDAG
CEFG
CEFG
Case #71:
AAB
CCB
DDE
FFE
Case #72:
FFE
DDA
DDC
DDB
Case #73:
DBII
JAFH
EGCH
Case #74:
AAA
AAA
CCD
FBE
Case #75:
BCAA
BCAA
ECDD
Case #76:
BA
Case #77:
EEF
BBF
BBD
AAC
Case #78:
ABC
DBC
DBE
Case #79:
AAB
CCB
CCD
EEF
Case #80:
CCC
CCC
DDB
AFE
Case #81:
ABCD
ABCD
ABCD
Case #82:
JFEH
BKLD
GAIC
Case #83:
CA
CB
Case #84:
AAA
EEE
DBF
CBF
Case #85:
AAA
DDB
EEB
CCF
Case #86:
BB
BB
BB
AD
CD
ED
Case #87:
BACD
GEFH
IJFH
Case #88:
DDDD
AABB
CCEE
Case #89:
BBBB
DDDD
AACE
Case #90:
AABB
CCCD
EEFD
Case #91:
EEEA
EEEA
CDDB
Case #92:
CED
LGF
BKI
JAH
Case #93:
AHGI
KCFE
DBJE
Case #94:
DII
ACC
BGE
HFE
Case #95:
AAAA
AAAA
CBED
Case #96:
CCC
FFF
BDA
BDE
Case #97:
CCC
BAA
Case #98:
GBKL
FIEA
HDCJ
Case #99:
DHH
EBB
CFG
AIG
Case #100:
DDD
BBB
CCE
CCA
